Using pre-set license
Built from '2021.1/release' branch; Version is '2021.1.16f1 (5fa502fca597) revision 6268162'; Using compiler version '192528614'; Build Type 'Release'
OS: 'Windows 10 Home; OS build 19043.1110; Version 2009; 64bit' Language: 'en' Physical Memory: 32716 MB
BatchMode: 1, IsHumanControllingUs: 0, StartBugReporterOnCrash: 0, Is64bit: 1, IsPro: 0

 COMMAND LINE ARGUMENTS:
C:\Program Files\Unity\Hub\Editor\2021.1.16f1\Editor\Unity.exe
-adb2
-batchMode
-noUpm
-name
AssetImportWorker0
-projectPath
D:/Unity Projects/RTS
-logFile
Logs/AssetImportWorker0.log
-srvPort
64103
Successfully changed project path to: D:/Unity Projects/RTS
D:/Unity Projects/RTS
Using Asset Import Pipeline V2.
Refreshing native plugins compatible for Editor in 123.11 ms, found 3 plugins.
Preloading 0 native plugins for Editor in 0.00 ms.
Initialize engine version: 2021.1.16f1 (5fa502fca597)
[Subsystems] Discovering subsystems at path C:/Program Files/Unity/Hub/Editor/2021.1.16f1/Editor/Data/Resources/UnitySubsystems
[Subsystems] Discovering subsystems at path D:/Unity Projects/RTS/Assets
GfxDevice: creating device client; threaded=0; jobified=0
Direct3D:
    Version:  Direct3D 11.0 [level 11.1]
    Renderer: NVIDIA GeForce RTX 2080 SUPER (ID=0x1e81)
    Vendor:   NVIDIA
    VRAM:     8010 MB
    Driver:   30.0.14.7141
Initialize mono
Mono path[0] = 'C:/Program Files/Unity/Hub/Editor/2021.1.16f1/Editor/Data/Managed'
Mono path[1] = 'C:/Program Files/Unity/Hub/Editor/2021.1.16f1/Editor/Data/MonoBleedingEdge/lib/mono/unityjit'
Mono config path = 'C:/Program Files/Unity/Hub/Editor/2021.1.16f1/Editor/Data/MonoBleedingEdge/etc'
Using monoOptions --debugger-agent=transport=dt_socket,embedding=1,server=y,suspend=n,address=127.0.0.1:56692
Begin MonoManager ReloadAssembly
Registering precompiled unity dll's ...
Register platform support module: C:/Program Files/Unity/Hub/Editor/2021.1.16f1/Editor/Data/PlaybackEngines/WebGLSupport/UnityEditor.WebGL.Extensions.dll
Register platform support module: C:/Program Files/Unity/Hub/Editor/2021.1.16f1/Editor/Data/PlaybackEngines/MacStandaloneSupport/UnityEditor.OSXStandalone.Extensions.dll
Register platform support module: C:/Program Files/Unity/Hub/Editor/2021.1.16f1/Editor/Data/PlaybackEngines/WindowsStandaloneSupport/UnityEditor.WindowsStandalone.Extensions.dll
Register platform support module: C:/Program Files/Unity/Hub/Editor/2021.1.16f1/Editor/Data/PlaybackEngines/LinuxStandaloneSupport/UnityEditor.LinuxStandalone.Extensions.dll
Registered in 0.004275 seconds.
Native extension for LinuxStandalone target not found
Native extension for WindowsStandalone target not found
Native extension for OSXStandalone target not found
Native extension for WebGL target not found
Refreshing native plugins compatible for Editor in 119.31 ms, found 3 plugins.
Preloading 0 native plugins for Editor in 0.00 ms.
Mono: successfully reloaded assembly
- Completed reload, in  2.379 seconds
Domain Reload Profiling:
	ReloadAssembly (2379ms)
		BeginReloadAssembly (72ms)
			ExecutionOrderSort (0ms)
			DisableScriptedObjects (0ms)
			BackupInstance (0ms)
			ReleaseScriptingObjects (0ms)
			CreateAndSetChildDomain (1ms)
		EndReloadAssembly (560ms)
			LoadAssemblies (69ms)
			RebuildTransferFunctionScriptingTraits (0ms)
			SetupTypeCache (191ms)
			ReleaseScriptCaches (0ms)
			RebuildScriptCaches (31ms)
			SetupLoadedEditorAssemblies (277ms)
				LogAssemblyErrors (0ms)
				InitializePlatformSupportModulesInManaged (11ms)
				SetLoadedEditorAssemblies (0ms)
				RefreshPlugins (119ms)
				BeforeProcessingInitializeOnLoad (2ms)
				ProcessInitializeOnLoadAttributes (111ms)
				ProcessInitializeOnLoadMethodAttributes (33ms)
				AfterProcessingInitializeOnLoad (0ms)
				EditorAssembliesLoaded (0ms)
			ExecutionOrderSort2 (0ms)
			AwakeInstancesAfterBackupRestoration (0ms)
Platform modules already initialized, skipping
Registering precompiled user dll's ...
Registered in 0.004116 seconds.
Begin MonoManager ReloadAssembly
Symbol file LoadedFromMemory doesn't match image D:\Unity Projects\RTS\Library\PackageCache\com.unity.visualscripting@1.6.1\Editor\VisualScripting.Core\Dependencies\YamlDotNet\Unity.VisualScripting.YamlDotNet.dll
Symbol file LoadedFromMemory doesn't match image D:\Unity Projects\RTS\Library\PackageCache\com.unity.visualscripting@1.6.1\Editor\VisualScripting.Core\Dependencies\DotNetZip\Unity.VisualScripting.IonicZip.dll
Native extension for LinuxStandalone target not found
Native extension for WindowsStandalone target not found
Native extension for OSXStandalone target not found
Native extension for WebGL target not found
Refreshing native plugins compatible for Editor in 120.71 ms, found 3 plugins.
Preloading 0 native plugins for Editor in 0.00 ms.
Mono: successfully reloaded assembly
- Completed reload, in  1.529 seconds
Domain Reload Profiling:
	ReloadAssembly (1529ms)
		BeginReloadAssembly (175ms)
			ExecutionOrderSort (0ms)
			DisableScriptedObjects (5ms)
			BackupInstance (0ms)
			ReleaseScriptingObjects (0ms)
			CreateAndSetChildDomain (21ms)
		EndReloadAssembly (1279ms)
			LoadAssemblies (105ms)
			RebuildTransferFunctionScriptingTraits (0ms)
			SetupTypeCache (386ms)
			ReleaseScriptCaches (1ms)
			RebuildScriptCaches (63ms)
			SetupLoadedEditorAssemblies (616ms)
				LogAssemblyErrors (0ms)
				InitializePlatformSupportModulesInManaged (9ms)
				SetLoadedEditorAssemblies (0ms)
				RefreshPlugins (121ms)
				BeforeProcessingInitializeOnLoad (86ms)
				ProcessInitializeOnLoadAttributes (384ms)
				ProcessInitializeOnLoadMethodAttributes (5ms)
				AfterProcessingInitializeOnLoad (10ms)
				EditorAssembliesLoaded (0ms)
			ExecutionOrderSort2 (0ms)
			AwakeInstancesAfterBackupRestoration (9ms)
Platform modules already initialized, skipping
========================================================================
Worker process is ready to serve import requests
Launched and connected shader compiler UnityShaderCompiler.exe after 0.04 seconds
Refreshing native plugins compatible for Editor in 1.01 ms, found 3 plugins.
Preloading 0 native plugins for Editor in 0.00 ms.
Unloading 3537 Unused Serialized files (Serialized files now loaded: 0)
System memory in use before: 133.0 MB.
System memory in use after: 133.3 MB.

Unloading 47 unused Assets to reduce memory usage. Loaded Objects now: 3968.
Total: 3.857500 ms (FindLiveObjects: 0.340300 ms CreateObjectMapping: 0.091600 ms MarkObjects: 3.351700 ms  DeleteObjects: 0.072700 ms)

AssetImportParameters requested are different than current active one (requested -> active):
  custom:framework-win-MediaFoundation: 216162199b28c13a410421893ffa2e32 -> 
  custom:video-decoder-ogg-theora: a1e56fd34408186e4bbccfd4996cb3dc -> 
  custom:container-muxer-webm: aa71ff27fc2769a1b78a27578f13a17b -> 
  custom:container-demuxer-webm: 4f35f7cbe854078d1ac9338744f61a02 -> 
  custom:container-demuxer-ogg: 62fdf1f143b41e24485cea50d1cbac27 -> 
  custom:video-encoder-webm-vp8: eb34c28f22e8b96e1ab97ce403110664 -> 
  custom:video-decoder-webm-vp8: 9c59270c3fd7afecdb556c50c9e8de78 -> 
  custom:audio-decoder-ogg-vorbis: bf7c407c2cedff20999df2af8eb42d56 -> 
  custom:audio-encoder-webm-vorbis: bf7c407c2cedff20999df2af8eb42d56 -> 
========================================================================
Received Import Request.
  path: Assets/Prefabs/Units/Scripts/UnitController.cs
  artifactKey: Guid(b94d41ddebefcce46913a22438bba1c3) Importer(815301076,1909f56bfc062723c751e8b465ee728b)
Start importing Assets/Prefabs/Units/Scripts/UnitController.cs using Guid(b94d41ddebefcce46913a22438bba1c3) Importer(815301076,1909f56bfc062723c751e8b465ee728b)  -> (artifact id: '6e26672ecbca722b742c80995c0260ba') in 0.030235 seconds 
========================================================================
Received Import Request.
  Time since last request: 16.953229 seconds.
  path: Assets/Prefabs/Player/FactionResources.cs
  artifactKey: Guid(05b4087b4bdebaa42b9c266f2d497461) Importer(815301076,1909f56bfc062723c751e8b465ee728b)
Start importing Assets/Prefabs/Player/FactionResources.cs using Guid(05b4087b4bdebaa42b9c266f2d497461) Importer(815301076,1909f56bfc062723c751e8b465ee728b)  -> (artifact id: 'bc9c80bbf80cf4da64fcf232bac73580') in 0.001638 seconds 
========================================================================
Received Import Request.
  Time since last request: 11.817367 seconds.
  path: Assets/Prefabs/Player/UI/SquadMenu/SquadUnitButton.cs
  artifactKey: Guid(bb4c51f5579b9f64dac0530f53391f71) Importer(815301076,1909f56bfc062723c751e8b465ee728b)
Start importing Assets/Prefabs/Player/UI/SquadMenu/SquadUnitButton.cs using Guid(bb4c51f5579b9f64dac0530f53391f71) Importer(815301076,1909f56bfc062723c751e8b465ee728b)  -> (artifact id: '26ba8b0b503e207d5a7c4d9e28280196') in 0.002014 seconds 
========================================================================
Received Import Request.
  Time since last request: 9.556753 seconds.
  path: Assets/Prefabs/Buildings/Scripts/Spawners.cs
  artifactKey: Guid(cb606b6a9c9562a4490a80a34f39bf86) Importer(815301076,1909f56bfc062723c751e8b465ee728b)
Start importing Assets/Prefabs/Buildings/Scripts/Spawners.cs using Guid(cb606b6a9c9562a4490a80a34f39bf86) Importer(815301076,1909f56bfc062723c751e8b465ee728b)  -> (artifact id: '2f24789a35b67bf779ffe60f5aef571b') in 0.001589 seconds 
========================================================================
Received Import Request.
  Time since last request: 111.364075 seconds.
  path: Assets/Prefabs/Player/GOInfo.cs
  artifactKey: Guid(3e69c55fdbefee94796bc228ee1bb6ce) Importer(815301076,1909f56bfc062723c751e8b465ee728b)
Start importing Assets/Prefabs/Player/GOInfo.cs using Guid(3e69c55fdbefee94796bc228ee1bb6ce) Importer(815301076,1909f56bfc062723c751e8b465ee728b)  -> (artifact id: 'fb4abe63fdc7daf762c04eb1f42882b4') in 0.001636 seconds 
========================================================================
Received Import Request.
  Time since last request: 54.041509 seconds.
  path: Assets/Prefabs/Player/GOInfo.cs
  artifactKey: Guid(3e69c55fdbefee94796bc228ee1bb6ce) Importer(815301076,1909f56bfc062723c751e8b465ee728b)
Start importing Assets/Prefabs/Player/GOInfo.cs using Guid(3e69c55fdbefee94796bc228ee1bb6ce) Importer(815301076,1909f56bfc062723c751e8b465ee728b)  -> (artifact id: '45212dd4076d16f6a64be68364be9b73') in 0.001687 seconds 
========================================================================
Received Prepare
Registering precompiled user dll's ...
Registered in 0.004020 seconds.
Begin MonoManager ReloadAssembly
Symbol file LoadedFromMemory doesn't match image D:\Unity Projects\RTS\Library\PackageCache\com.unity.visualscripting@1.6.1\Editor\VisualScripting.Core\Dependencies\YamlDotNet\Unity.VisualScripting.YamlDotNet.dll
Symbol file LoadedFromMemory doesn't match image D:\Unity Projects\RTS\Library\PackageCache\com.unity.visualscripting@1.6.1\Editor\VisualScripting.Core\Dependencies\DotNetZip\Unity.VisualScripting.IonicZip.dll
Native extension for LinuxStandalone target not found
Native extension for WindowsStandalone target not found
Native extension for OSXStandalone target not found
Native extension for WebGL target not found
Refreshing native plugins compatible for Editor in 1.02 ms, found 3 plugins.
Preloading 0 native plugins for Editor in 0.00 ms.
Mono: successfully reloaded assembly
- Completed reload, in  1.293 seconds
Domain Reload Profiling:
	ReloadAssembly (1294ms)
		BeginReloadAssembly (140ms)
			ExecutionOrderSort (0ms)
			DisableScriptedObjects (5ms)
			BackupInstance (0ms)
			ReleaseScriptingObjects (0ms)
			CreateAndSetChildDomain (41ms)
		EndReloadAssembly (1083ms)
			LoadAssemblies (104ms)
			RebuildTransferFunctionScriptingTraits (0ms)
			SetupTypeCache (381ms)
			ReleaseScriptCaches (1ms)
			RebuildScriptCaches (42ms)
			SetupLoadedEditorAssemblies (435ms)
				LogAssemblyErrors (0ms)
				InitializePlatformSupportModulesInManaged (9ms)
				SetLoadedEditorAssemblies (0ms)
				RefreshPlugins (1ms)
				BeforeProcessingInitializeOnLoad (60ms)
				ProcessInitializeOnLoadAttributes (351ms)
				ProcessInitializeOnLoadMethodAttributes (4ms)
				AfterProcessingInitializeOnLoad (9ms)
				EditorAssembliesLoaded (0ms)
			ExecutionOrderSort2 (0ms)
			AwakeInstancesAfterBackupRestoration (8ms)
Platform modules already initialized, skipping
Switching build target platform(19) subTarget(0) extendedPlatform(0) -> platform(13) subTarget(589824) extendedPlatform(0)
Refreshing native plugins compatible for Editor in 0.99 ms, found 3 plugins.
Preloading 0 native plugins for Editor in 0.00 ms.
Unloading 3505 Unused Serialized files (Serialized files now loaded: 0)
System memory in use before: 129.3 MB.
System memory in use after: 129.6 MB.

Unloading 40 unused Assets to reduce memory usage. Loaded Objects now: 3970.
Total: 3.608100 ms (FindLiveObjects: 0.301900 ms CreateObjectMapping: 0.088900 ms MarkObjects: 3.193200 ms  DeleteObjects: 0.023000 ms)

AssetImportParameters requested are different than current active one (requested -> active):
  custom:framework-win-MediaFoundation: 216162199b28c13a410421893ffa2e32 -> 
  custom:video-decoder-ogg-theora: a1e56fd34408186e4bbccfd4996cb3dc -> 
  custom:container-muxer-webm: aa71ff27fc2769a1b78a27578f13a17b -> 
  custom:container-demuxer-webm: 4f35f7cbe854078d1ac9338744f61a02 -> 
  custom:container-demuxer-ogg: 62fdf1f143b41e24485cea50d1cbac27 -> 
  custom:video-encoder-webm-vp8: eb34c28f22e8b96e1ab97ce403110664 -> 
  custom:video-decoder-webm-vp8: 9c59270c3fd7afecdb556c50c9e8de78 -> 
  custom:graphics/normal-map-encoding: 01000000000000000000000000000000 -> 02000000000000000000000000000000
  custom:audio-decoder-ogg-vorbis: bf7c407c2cedff20999df2af8eb42d56 -> 
  custom:audio-encoder-webm-vorbis: bf7c407c2cedff20999df2af8eb42d56 -> 
========================================================================
Received Import Request.
  Time since last request: 106.334820 seconds.
  path: Assets/Prefabs/Player/BaseInfo.cs
  artifactKey: Guid(df927331a005e0e4b9ab3a10974915bf) Importer(815301076,1909f56bfc062723c751e8b465ee728b)
Start importing Assets/Prefabs/Player/BaseInfo.cs using Guid(df927331a005e0e4b9ab3a10974915bf) Importer(815301076,1909f56bfc062723c751e8b465ee728b)  -> (artifact id: '81e9a04de5a6235f4450d70eaa2152ff') in 0.007999 seconds 
========================================================================
Received Prepare
Registering precompiled user dll's ...
Registered in 0.003963 seconds.
Begin MonoManager ReloadAssembly
Symbol file LoadedFromMemory doesn't match image D:\Unity Projects\RTS\Library\PackageCache\com.unity.visualscripting@1.6.1\Editor\VisualScripting.Core\Dependencies\YamlDotNet\Unity.VisualScripting.YamlDotNet.dll
Symbol file LoadedFromMemory doesn't match image D:\Unity Projects\RTS\Library\PackageCache\com.unity.visualscripting@1.6.1\Editor\VisualScripting.Core\Dependencies\DotNetZip\Unity.VisualScripting.IonicZip.dll
Native extension for LinuxStandalone target not found
Native extension for WindowsStandalone target not found
Native extension for OSXStandalone target not found
Native extension for WebGL target not found
Refreshing native plugins compatible for Editor in 0.99 ms, found 3 plugins.
Preloading 0 native plugins for Editor in 0.00 ms.
Mono: successfully reloaded assembly
- Completed reload, in  1.317 seconds
Domain Reload Profiling:
	ReloadAssembly (1317ms)
		BeginReloadAssembly (137ms)
			ExecutionOrderSort (0ms)
			DisableScriptedObjects (5ms)
			BackupInstance (0ms)
			ReleaseScriptingObjects (0ms)
			CreateAndSetChildDomain (41ms)
		EndReloadAssembly (1105ms)
			LoadAssemblies (110ms)
			RebuildTransferFunctionScriptingTraits (0ms)
			SetupTypeCache (384ms)
			ReleaseScriptCaches (1ms)
			RebuildScriptCaches (43ms)
			SetupLoadedEditorAssemblies (442ms)
				LogAssemblyErrors (0ms)
				InitializePlatformSupportModulesInManaged (9ms)
				SetLoadedEditorAssemblies (0ms)
				RefreshPlugins (1ms)
				BeforeProcessingInitializeOnLoad (62ms)
				ProcessInitializeOnLoadAttributes (356ms)
				ProcessInitializeOnLoadMethodAttributes (4ms)
				AfterProcessingInitializeOnLoad (9ms)
				EditorAssembliesLoaded (0ms)
			ExecutionOrderSort2 (0ms)
			AwakeInstancesAfterBackupRestoration (8ms)
Platform modules already initialized, skipping
Switching build target platform(19) subTarget(0) extendedPlatform(0) -> platform(13) subTarget(589824) extendedPlatform(0)
Refreshing native plugins compatible for Editor in 0.99 ms, found 3 plugins.
Preloading 0 native plugins for Editor in 0.00 ms.
Unloading 3506 Unused Serialized files (Serialized files now loaded: 0)
System memory in use before: 129.4 MB.
System memory in use after: 129.7 MB.

Unloading 40 unused Assets to reduce memory usage. Loaded Objects now: 3973.
Total: 3.697800 ms (FindLiveObjects: 0.318100 ms CreateObjectMapping: 0.091200 ms MarkObjects: 3.261900 ms  DeleteObjects: 0.024900 ms)

AssetImportParameters requested are different than current active one (requested -> active):
  custom:framework-win-MediaFoundation: 216162199b28c13a410421893ffa2e32 -> 
  custom:video-decoder-ogg-theora: a1e56fd34408186e4bbccfd4996cb3dc -> 
  custom:container-muxer-webm: aa71ff27fc2769a1b78a27578f13a17b -> 
  custom:container-demuxer-webm: 4f35f7cbe854078d1ac9338744f61a02 -> 
  custom:container-demuxer-ogg: 62fdf1f143b41e24485cea50d1cbac27 -> 
  custom:video-encoder-webm-vp8: eb34c28f22e8b96e1ab97ce403110664 -> 
  custom:video-decoder-webm-vp8: 9c59270c3fd7afecdb556c50c9e8de78 -> 
  custom:graphics/normal-map-encoding: 01000000000000000000000000000000 -> 02000000000000000000000000000000
  custom:audio-decoder-ogg-vorbis: bf7c407c2cedff20999df2af8eb42d56 -> 
  custom:audio-encoder-webm-vorbis: bf7c407c2cedff20999df2af8eb42d56 -> 
========================================================================
Received Import Request.
  Time since last request: 60.125933 seconds.
  path: Assets/Prefabs/Player/BaseInfo.cs
  artifactKey: Guid(df927331a005e0e4b9ab3a10974915bf) Importer(815301076,1909f56bfc062723c751e8b465ee728b)
Start importing Assets/Prefabs/Player/BaseInfo.cs using Guid(df927331a005e0e4b9ab3a10974915bf) Importer(815301076,1909f56bfc062723c751e8b465ee728b)  -> (artifact id: 'f0efba666248cf782a61ad0d60a1b3a8') in 0.006404 seconds 
========================================================================
Received Prepare
Registering precompiled user dll's ...
Registered in 0.003896 seconds.
Begin MonoManager ReloadAssembly
Symbol file LoadedFromMemory doesn't match image D:\Unity Projects\RTS\Library\PackageCache\com.unity.visualscripting@1.6.1\Editor\VisualScripting.Core\Dependencies\YamlDotNet\Unity.VisualScripting.YamlDotNet.dll
Symbol file LoadedFromMemory doesn't match image D:\Unity Projects\RTS\Library\PackageCache\com.unity.visualscripting@1.6.1\Editor\VisualScripting.Core\Dependencies\DotNetZip\Unity.VisualScripting.IonicZip.dll
Native extension for LinuxStandalone target not found
Native extension for WindowsStandalone target not found
Native extension for OSXStandalone target not found
Native extension for WebGL target not found
Refreshing native plugins compatible for Editor in 0.99 ms, found 3 plugins.
Preloading 0 native plugins for Editor in 0.00 ms.
Mono: successfully reloaded assembly
- Completed reload, in  1.316 seconds
Domain Reload Profiling:
	ReloadAssembly (1317ms)
		BeginReloadAssembly (151ms)
			ExecutionOrderSort (0ms)
			DisableScriptedObjects (5ms)
			BackupInstance (0ms)
			ReleaseScriptingObjects (0ms)
			CreateAndSetChildDomain (46ms)
		EndReloadAssembly (1095ms)
			LoadAssemblies (104ms)
			RebuildTransferFunctionScriptingTraits (0ms)
			SetupTypeCache (374ms)
			ReleaseScriptCaches (1ms)
			RebuildScriptCaches (44ms)
			SetupLoadedEditorAssemblies (433ms)
				LogAssemblyErrors (0ms)
				InitializePlatformSupportModulesInManaged (9ms)
				SetLoadedEditorAssemblies (0ms)
				RefreshPlugins (1ms)
				BeforeProcessingInitializeOnLoad (60ms)
				ProcessInitializeOnLoadAttributes (349ms)
				ProcessInitializeOnLoadMethodAttributes (4ms)
				AfterProcessingInitializeOnLoad (9ms)
				EditorAssembliesLoaded (0ms)
			ExecutionOrderSort2 (0ms)
			AwakeInstancesAfterBackupRestoration (8ms)
Platform modules already initialized, skipping
Switching build target platform(19) subTarget(0) extendedPlatform(0) -> platform(13) subTarget(589824) extendedPlatform(0)
Refreshing native plugins compatible for Editor in 0.98 ms, found 3 plugins.
Preloading 0 native plugins for Editor in 0.00 ms.
Unloading 3506 Unused Serialized files (Serialized files now loaded: 0)
System memory in use before: 129.5 MB.
System memory in use after: 129.7 MB.

Unloading 40 unused Assets to reduce memory usage. Loaded Objects now: 3975.
Total: 3.731900 ms (FindLiveObjects: 0.304700 ms CreateObjectMapping: 0.091300 ms MarkObjects: 3.312000 ms  DeleteObjects: 0.022500 ms)

AssetImportParameters requested are different than current active one (requested -> active):
  custom:framework-win-MediaFoundation: 216162199b28c13a410421893ffa2e32 -> 
  custom:video-decoder-ogg-theora: a1e56fd34408186e4bbccfd4996cb3dc -> 
  custom:container-muxer-webm: aa71ff27fc2769a1b78a27578f13a17b -> 
  custom:container-demuxer-webm: 4f35f7cbe854078d1ac9338744f61a02 -> 
  custom:container-demuxer-ogg: 62fdf1f143b41e24485cea50d1cbac27 -> 
  custom:video-encoder-webm-vp8: eb34c28f22e8b96e1ab97ce403110664 -> 
  custom:video-decoder-webm-vp8: 9c59270c3fd7afecdb556c50c9e8de78 -> 
  custom:graphics/normal-map-encoding: 01000000000000000000000000000000 -> 02000000000000000000000000000000
  custom:audio-decoder-ogg-vorbis: bf7c407c2cedff20999df2af8eb42d56 -> 
  custom:audio-encoder-webm-vorbis: bf7c407c2cedff20999df2af8eb42d56 -> 
========================================================================
Received Prepare
Registering precompiled user dll's ...
Registered in 0.003968 seconds.
Begin MonoManager ReloadAssembly
Symbol file LoadedFromMemory doesn't match image D:\Unity Projects\RTS\Library\PackageCache\com.unity.visualscripting@1.6.1\Editor\VisualScripting.Core\Dependencies\YamlDotNet\Unity.VisualScripting.YamlDotNet.dll
Symbol file LoadedFromMemory doesn't match image D:\Unity Projects\RTS\Library\PackageCache\com.unity.visualscripting@1.6.1\Editor\VisualScripting.Core\Dependencies\DotNetZip\Unity.VisualScripting.IonicZip.dll
Native extension for LinuxStandalone target not found
Native extension for WindowsStandalone target not found
Native extension for OSXStandalone target not found
Native extension for WebGL target not found
Refreshing native plugins compatible for Editor in 1.07 ms, found 3 plugins.
Preloading 0 native plugins for Editor in 0.00 ms.
Mono: successfully reloaded assembly
- Completed reload, in  1.338 seconds
Domain Reload Profiling:
	ReloadAssembly (1338ms)
		BeginReloadAssembly (130ms)
			ExecutionOrderSort (0ms)
			DisableScriptedObjects (5ms)
			BackupInstance (0ms)
			ReleaseScriptingObjects (0ms)
			CreateAndSetChildDomain (40ms)
		EndReloadAssembly (1139ms)
			LoadAssemblies (103ms)
			RebuildTransferFunctionScriptingTraits (0ms)
			SetupTypeCache (386ms)
			ReleaseScriptCaches (1ms)
			RebuildScriptCaches (51ms)
			SetupLoadedEditorAssemblies (443ms)
				LogAssemblyErrors (0ms)
				InitializePlatformSupportModulesInManaged (10ms)
				SetLoadedEditorAssemblies (1ms)
				RefreshPlugins (1ms)
				BeforeProcessingInitializeOnLoad (62ms)
				ProcessInitializeOnLoadAttributes (356ms)
				ProcessInitializeOnLoadMethodAttributes (4ms)
				AfterProcessingInitializeOnLoad (9ms)
				EditorAssembliesLoaded (0ms)
			ExecutionOrderSort2 (0ms)
			AwakeInstancesAfterBackupRestoration (8ms)
Platform modules already initialized, skipping
Switching build target platform(19) subTarget(0) extendedPlatform(0) -> platform(13) subTarget(589824) extendedPlatform(0)
Refreshing native plugins compatible for Editor in 1.06 ms, found 3 plugins.
Preloading 0 native plugins for Editor in 0.00 ms.
Unloading 3506 Unused Serialized files (Serialized files now loaded: 0)
System memory in use before: 129.5 MB.
System memory in use after: 129.7 MB.

Unloading 40 unused Assets to reduce memory usage. Loaded Objects now: 3977.
Total: 3.941600 ms (FindLiveObjects: 0.314900 ms CreateObjectMapping: 0.093000 ms MarkObjects: 3.507000 ms  DeleteObjects: 0.025400 ms)

AssetImportParameters requested are different than current active one (requested -> active):
  custom:framework-win-MediaFoundation: 216162199b28c13a410421893ffa2e32 -> 
  custom:video-decoder-ogg-theora: a1e56fd34408186e4bbccfd4996cb3dc -> 
  custom:container-muxer-webm: aa71ff27fc2769a1b78a27578f13a17b -> 
  custom:container-demuxer-webm: 4f35f7cbe854078d1ac9338744f61a02 -> 
  custom:container-demuxer-ogg: 62fdf1f143b41e24485cea50d1cbac27 -> 
  custom:video-encoder-webm-vp8: eb34c28f22e8b96e1ab97ce403110664 -> 
  custom:video-decoder-webm-vp8: 9c59270c3fd7afecdb556c50c9e8de78 -> 
  custom:graphics/normal-map-encoding: 01000000000000000000000000000000 -> 02000000000000000000000000000000
  custom:audio-decoder-ogg-vorbis: bf7c407c2cedff20999df2af8eb42d56 -> 
  custom:audio-encoder-webm-vorbis: bf7c407c2cedff20999df2af8eb42d56 -> 
========================================================================
Received Import Request.
  Time since last request: 18.369868 seconds.
  path: Assets/Prefabs/Player/GOInfo.cs
  artifactKey: Guid(3e69c55fdbefee94796bc228ee1bb6ce) Importer(815301076,1909f56bfc062723c751e8b465ee728b)
Start importing Assets/Prefabs/Player/GOInfo.cs using Guid(3e69c55fdbefee94796bc228ee1bb6ce) Importer(815301076,1909f56bfc062723c751e8b465ee728b)  -> (artifact id: 'c9d7e0667ce4e96767475678a0dad497') in 0.006278 seconds 
========================================================================
Received Prepare
Registering precompiled user dll's ...
Registered in 0.003934 seconds.
Begin MonoManager ReloadAssembly
Symbol file LoadedFromMemory doesn't match image D:\Unity Projects\RTS\Library\PackageCache\com.unity.visualscripting@1.6.1\Editor\VisualScripting.Core\Dependencies\YamlDotNet\Unity.VisualScripting.YamlDotNet.dll
Symbol file LoadedFromMemory doesn't match image D:\Unity Projects\RTS\Library\PackageCache\com.unity.visualscripting@1.6.1\Editor\VisualScripting.Core\Dependencies\DotNetZip\Unity.VisualScripting.IonicZip.dll
Native extension for LinuxStandalone target not found
Native extension for WindowsStandalone target not found
Native extension for OSXStandalone target not found
Native extension for WebGL target not found
Refreshing native plugins compatible for Editor in 1.01 ms, found 3 plugins.
Preloading 0 native plugins for Editor in 0.00 ms.
Mono: successfully reloaded assembly
- Completed reload, in  1.346 seconds
Domain Reload Profiling:
	ReloadAssembly (1346ms)
		BeginReloadAssembly (145ms)
			ExecutionOrderSort (0ms)
			DisableScriptedObjects (5ms)
			BackupInstance (0ms)
			ReleaseScriptingObjects (0ms)
			CreateAndSetChildDomain (40ms)
		EndReloadAssembly (1130ms)
			LoadAssemblies (107ms)
			RebuildTransferFunctionScriptingTraits (0ms)
			SetupTypeCache (377ms)
			ReleaseScriptCaches (1ms)
			RebuildScriptCaches (43ms)
			SetupLoadedEditorAssemblies (444ms)
				LogAssemblyErrors (0ms)
				InitializePlatformSupportModulesInManaged (9ms)
				SetLoadedEditorAssemblies (0ms)
				RefreshPlugins (1ms)
				BeforeProcessingInitializeOnLoad (61ms)
				ProcessInitializeOnLoadAttributes (359ms)
				ProcessInitializeOnLoadMethodAttributes (4ms)
				AfterProcessingInitializeOnLoad (9ms)
				EditorAssembliesLoaded (0ms)
			ExecutionOrderSort2 (0ms)
			AwakeInstancesAfterBackupRestoration (8ms)
Platform modules already initialized, skipping
Switching build target platform(19) subTarget(0) extendedPlatform(0) -> platform(13) subTarget(589824) extendedPlatform(0)
Refreshing native plugins compatible for Editor in 1.05 ms, found 3 plugins.
Preloading 0 native plugins for Editor in 0.00 ms.
Unloading 3506 Unused Serialized files (Serialized files now loaded: 0)
System memory in use before: 129.5 MB.
System memory in use after: 129.7 MB.

Unloading 40 unused Assets to reduce memory usage. Loaded Objects now: 3979.
Total: 3.774600 ms (FindLiveObjects: 0.303200 ms CreateObjectMapping: 0.095600 ms MarkObjects: 3.349700 ms  DeleteObjects: 0.024600 ms)

AssetImportParameters requested are different than current active one (requested -> active):
  custom:framework-win-MediaFoundation: 216162199b28c13a410421893ffa2e32 -> 
  custom:video-decoder-ogg-theora: a1e56fd34408186e4bbccfd4996cb3dc -> 
  custom:container-muxer-webm: aa71ff27fc2769a1b78a27578f13a17b -> 
  custom:container-demuxer-webm: 4f35f7cbe854078d1ac9338744f61a02 -> 
  custom:container-demuxer-ogg: 62fdf1f143b41e24485cea50d1cbac27 -> 
  custom:video-encoder-webm-vp8: eb34c28f22e8b96e1ab97ce403110664 -> 
  custom:video-decoder-webm-vp8: 9c59270c3fd7afecdb556c50c9e8de78 -> 
  custom:graphics/normal-map-encoding: 01000000000000000000000000000000 -> 02000000000000000000000000000000
  custom:audio-decoder-ogg-vorbis: bf7c407c2cedff20999df2af8eb42d56 -> 
  custom:audio-encoder-webm-vorbis: bf7c407c2cedff20999df2af8eb42d56 -> 
========================================================================
Received Import Request.
  Time since last request: 141.947416 seconds.
  path: Assets/Prefabs/Player/GOInfo.cs
  artifactKey: Guid(3e69c55fdbefee94796bc228ee1bb6ce) Importer(815301076,1909f56bfc062723c751e8b465ee728b)
Start importing Assets/Prefabs/Player/GOInfo.cs using Guid(3e69c55fdbefee94796bc228ee1bb6ce) Importer(815301076,1909f56bfc062723c751e8b465ee728b)  -> (artifact id: 'c61c014ccd3c6b68b7269751ce5dc2d6') in 0.009133 seconds 
========================================================================
Received Import Request.
  Time since last request: 32.918652 seconds.
  path: Assets/Prefabs/Player/BaseStats.cs
  artifactKey: Guid(4484e318e4dea13489e96e4cf61fd653) Importer(815301076,1909f56bfc062723c751e8b465ee728b)
Start importing Assets/Prefabs/Player/BaseStats.cs using Guid(4484e318e4dea13489e96e4cf61fd653) Importer(815301076,1909f56bfc062723c751e8b465ee728b)  -> (artifact id: '974cef4dab95ce2280c6e3569b931f70') in 0.001738 seconds 
========================================================================
Received Prepare
Registering precompiled user dll's ...
Registered in 0.004544 seconds.
Begin MonoManager ReloadAssembly
Symbol file LoadedFromMemory doesn't match image D:\Unity Projects\RTS\Library\PackageCache\com.unity.visualscripting@1.6.1\Editor\VisualScripting.Core\Dependencies\YamlDotNet\Unity.VisualScripting.YamlDotNet.dll
Symbol file LoadedFromMemory doesn't match image D:\Unity Projects\RTS\Library\PackageCache\com.unity.visualscripting@1.6.1\Editor\VisualScripting.Core\Dependencies\DotNetZip\Unity.VisualScripting.IonicZip.dll
Native extension for LinuxStandalone target not found
Native extension for WindowsStandalone target not found
Native extension for OSXStandalone target not found
Native extension for WebGL target not found
Refreshing native plugins compatible for Editor in 0.90 ms, found 3 plugins.
Preloading 0 native plugins for Editor in 0.00 ms.
Mono: successfully reloaded assembly
- Completed reload, in  1.361 seconds
Domain Reload Profiling:
	ReloadAssembly (1361ms)
		BeginReloadAssembly (131ms)
			ExecutionOrderSort (0ms)
			DisableScriptedObjects (7ms)
			BackupInstance (0ms)
			ReleaseScriptingObjects (0ms)
			CreateAndSetChildDomain (38ms)
		EndReloadAssembly (1159ms)
			LoadAssemblies (106ms)
			RebuildTransferFunctionScriptingTraits (0ms)
			SetupTypeCache (394ms)
			ReleaseScriptCaches (1ms)
			RebuildScriptCaches (44ms)
			SetupLoadedEditorAssemblies (441ms)
				LogAssemblyErrors (0ms)
				InitializePlatformSupportModulesInManaged (9ms)
				SetLoadedEditorAssemblies (0ms)
				RefreshPlugins (1ms)
				BeforeProcessingInitializeOnLoad (62ms)
				ProcessInitializeOnLoadAttributes (355ms)
				ProcessInitializeOnLoadMethodAttributes (5ms)
				AfterProcessingInitializeOnLoad (9ms)
				EditorAssembliesLoaded (0ms)
			ExecutionOrderSort2 (0ms)
			AwakeInstancesAfterBackupRestoration (10ms)
Platform modules already initialized, skipping
Switching build target platform(19) subTarget(0) extendedPlatform(0) -> platform(13) subTarget(589824) extendedPlatform(0)
Refreshing native plugins compatible for Editor in 1.43 ms, found 3 plugins.
Preloading 0 native plugins for Editor in 0.00 ms.
Unloading 3507 Unused Serialized files (Serialized files now loaded: 0)
System memory in use before: 129.5 MB.
System memory in use after: 129.8 MB.

Unloading 40 unused Assets to reduce memory usage. Loaded Objects now: 3982.
Total: 3.785500 ms (FindLiveObjects: 0.311100 ms CreateObjectMapping: 0.091200 ms MarkObjects: 3.353800 ms  DeleteObjects: 0.027900 ms)

AssetImportParameters requested are different than current active one (requested -> active):
  custom:framework-win-MediaFoundation: 216162199b28c13a410421893ffa2e32 -> 
  custom:video-decoder-ogg-theora: a1e56fd34408186e4bbccfd4996cb3dc -> 
  custom:container-muxer-webm: aa71ff27fc2769a1b78a27578f13a17b -> 
  custom:container-demuxer-webm: 4f35f7cbe854078d1ac9338744f61a02 -> 
  custom:container-demuxer-ogg: 62fdf1f143b41e24485cea50d1cbac27 -> 
  custom:video-encoder-webm-vp8: eb34c28f22e8b96e1ab97ce403110664 -> 
  custom:video-decoder-webm-vp8: 9c59270c3fd7afecdb556c50c9e8de78 -> 
  custom:graphics/normal-map-encoding: 01000000000000000000000000000000 -> 02000000000000000000000000000000
  custom:audio-decoder-ogg-vorbis: bf7c407c2cedff20999df2af8eb42d56 -> 
  custom:audio-encoder-webm-vorbis: bf7c407c2cedff20999df2af8eb42d56 -> 
========================================================================
Received Import Request.
  Time since last request: 139.374130 seconds.
  path: Assets/Prefabs/Player/BaseInfo.cs
  artifactKey: Guid(df927331a005e0e4b9ab3a10974915bf) Importer(815301076,1909f56bfc062723c751e8b465ee728b)
Start importing Assets/Prefabs/Player/BaseInfo.cs using Guid(df927331a005e0e4b9ab3a10974915bf) Importer(815301076,1909f56bfc062723c751e8b465ee728b)  -> (artifact id: 'f89e69f46005f0b9f2e4b44caffd0652') in 0.085357 seconds 
========================================================================
Received Prepare
Registering precompiled user dll's ...
Registered in 0.004017 seconds.
Begin MonoManager ReloadAssembly
Symbol file LoadedFromMemory doesn't match image D:\Unity Projects\RTS\Library\PackageCache\com.unity.visualscripting@1.6.1\Editor\VisualScripting.Core\Dependencies\YamlDotNet\Unity.VisualScripting.YamlDotNet.dll
Symbol file LoadedFromMemory doesn't match image D:\Unity Projects\RTS\Library\PackageCache\com.unity.visualscripting@1.6.1\Editor\VisualScripting.Core\Dependencies\DotNetZip\Unity.VisualScripting.IonicZip.dll
Native extension for LinuxStandalone target not found
Native extension for WindowsStandalone target not found
Native extension for OSXStandalone target not found
Native extension for WebGL target not found
Refreshing native plugins compatible for Editor in 1.00 ms, found 3 plugins.
Preloading 0 native plugins for Editor in 0.00 ms.
Mono: successfully reloaded assembly
- Completed reload, in  1.343 seconds
Domain Reload Profiling:
	ReloadAssembly (1343ms)
		BeginReloadAssembly (133ms)
			ExecutionOrderSort (0ms)
			DisableScriptedObjects (5ms)
			BackupInstance (0ms)
			ReleaseScriptingObjects (0ms)
			CreateAndSetChildDomain (39ms)
		EndReloadAssembly (1134ms)
			LoadAssemblies (106ms)
			RebuildTransferFunctionScriptingTraits (0ms)
			SetupTypeCache (380ms)
			ReleaseScriptCaches (1ms)
			RebuildScriptCaches (42ms)
			SetupLoadedEditorAssemblies (428ms)
				LogAssemblyErrors (0ms)
				InitializePlatformSupportModulesInManaged (9ms)
				SetLoadedEditorAssemblies (1ms)
				RefreshPlugins (1ms)
				BeforeProcessingInitializeOnLoad (59ms)
				ProcessInitializeOnLoadAttributes (345ms)
				ProcessInitializeOnLoadMethodAttributes (4ms)
				AfterProcessingInitializeOnLoad (9ms)
				EditorAssembliesLoaded (0ms)
			ExecutionOrderSort2 (0ms)
			AwakeInstancesAfterBackupRestoration (8ms)
Platform modules already initialized, skipping
Switching build target platform(19) subTarget(0) extendedPlatform(0) -> platform(13) subTarget(589824) extendedPlatform(0)
Refreshing native plugins compatible for Editor in 0.99 ms, found 3 plugins.
Preloading 0 native plugins for Editor in 0.00 ms.
Unloading 3507 Unused Serialized files (Serialized files now loaded: 0)
System memory in use before: 129.5 MB.
System memory in use after: 129.8 MB.

Unloading 40 unused Assets to reduce memory usage. Loaded Objects now: 3984.
Total: 3.650900 ms (FindLiveObjects: 0.299800 ms CreateObjectMapping: 0.088500 ms MarkObjects: 3.238400 ms  DeleteObjects: 0.023200 ms)

AssetImportParameters requested are different than current active one (requested -> active):
  custom:framework-win-MediaFoundation: 216162199b28c13a410421893ffa2e32 -> 
  custom:video-decoder-ogg-theora: a1e56fd34408186e4bbccfd4996cb3dc -> 
  custom:container-muxer-webm: aa71ff27fc2769a1b78a27578f13a17b -> 
  custom:container-demuxer-webm: 4f35f7cbe854078d1ac9338744f61a02 -> 
  custom:container-demuxer-ogg: 62fdf1f143b41e24485cea50d1cbac27 -> 
  custom:video-encoder-webm-vp8: eb34c28f22e8b96e1ab97ce403110664 -> 
  custom:video-decoder-webm-vp8: 9c59270c3fd7afecdb556c50c9e8de78 -> 
  custom:graphics/normal-map-encoding: 01000000000000000000000000000000 -> 02000000000000000000000000000000
  custom:audio-decoder-ogg-vorbis: bf7c407c2cedff20999df2af8eb42d56 -> 
  custom:audio-encoder-webm-vorbis: bf7c407c2cedff20999df2af8eb42d56 -> 
========================================================================
Received Prepare
Registering precompiled user dll's ...
Registered in 0.004032 seconds.
Begin MonoManager ReloadAssembly
Symbol file LoadedFromMemory doesn't match image D:\Unity Projects\RTS\Library\PackageCache\com.unity.visualscripting@1.6.1\Editor\VisualScripting.Core\Dependencies\YamlDotNet\Unity.VisualScripting.YamlDotNet.dll
Symbol file LoadedFromMemory doesn't match image D:\Unity Projects\RTS\Library\PackageCache\com.unity.visualscripting@1.6.1\Editor\VisualScripting.Core\Dependencies\DotNetZip\Unity.VisualScripting.IonicZip.dll
Native extension for LinuxStandalone target not found
Native extension for WindowsStandalone target not found
Native extension for OSXStandalone target not found
Native extension for WebGL target not found
Refreshing native plugins compatible for Editor in 1.02 ms, found 3 plugins.
Preloading 0 native plugins for Editor in 0.00 ms.
Mono: successfully reloaded assembly
- Completed reload, in  1.350 seconds
Domain Reload Profiling:
	ReloadAssembly (1350ms)
		BeginReloadAssembly (128ms)
			ExecutionOrderSort (0ms)
			DisableScriptedObjects (5ms)
			BackupInstance (0ms)
			ReleaseScriptingObjects (0ms)
			CreateAndSetChildDomain (38ms)
		EndReloadAssembly (1151ms)
			LoadAssemblies (106ms)
			RebuildTransferFunctionScriptingTraits (0ms)
			SetupTypeCache (379ms)
			ReleaseScriptCaches (1ms)
			RebuildScriptCaches (43ms)
			SetupLoadedEditorAssemblies (437ms)
				LogAssemblyErrors (0ms)
				InitializePlatformSupportModulesInManaged (9ms)
				SetLoadedEditorAssemblies (1ms)
				RefreshPlugins (1ms)
				BeforeProcessingInitializeOnLoad (61ms)
				ProcessInitializeOnLoadAttributes (352ms)
				ProcessInitializeOnLoadMethodAttributes (4ms)
				AfterProcessingInitializeOnLoad (9ms)
				EditorAssembliesLoaded (0ms)
			ExecutionOrderSort2 (0ms)
			AwakeInstancesAfterBackupRestoration (8ms)
Platform modules already initialized, skipping
Switching build target platform(19) subTarget(0) extendedPlatform(0) -> platform(13) subTarget(589824) extendedPlatform(0)
Refreshing native plugins compatible for Editor in 0.98 ms, found 3 plugins.
Preloading 0 native plugins for Editor in 0.00 ms.
Unloading 3507 Unused Serialized files (Serialized files now loaded: 0)
System memory in use before: 129.5 MB.
System memory in use after: 129.8 MB.

Unloading 40 unused Assets to reduce memory usage. Loaded Objects now: 3986.
Total: 3.650800 ms (FindLiveObjects: 0.294200 ms CreateObjectMapping: 0.095900 ms MarkObjects: 3.235700 ms  DeleteObjects: 0.023700 ms)

AssetImportParameters requested are different than current active one (requested -> active):
  custom:framework-win-MediaFoundation: 216162199b28c13a410421893ffa2e32 -> 
  custom:video-decoder-ogg-theora: a1e56fd34408186e4bbccfd4996cb3dc -> 
  custom:container-muxer-webm: aa71ff27fc2769a1b78a27578f13a17b -> 
  custom:container-demuxer-webm: 4f35f7cbe854078d1ac9338744f61a02 -> 
  custom:container-demuxer-ogg: 62fdf1f143b41e24485cea50d1cbac27 -> 
  custom:video-encoder-webm-vp8: eb34c28f22e8b96e1ab97ce403110664 -> 
  custom:video-decoder-webm-vp8: 9c59270c3fd7afecdb556c50c9e8de78 -> 
  custom:graphics/normal-map-encoding: 01000000000000000000000000000000 -> 02000000000000000000000000000000
  custom:audio-decoder-ogg-vorbis: bf7c407c2cedff20999df2af8eb42d56 -> 
  custom:audio-encoder-webm-vorbis: bf7c407c2cedff20999df2af8eb42d56 -> 
========================================================================
Received Prepare
Registering precompiled user dll's ...
Registered in 0.004030 seconds.
Begin MonoManager ReloadAssembly
Symbol file LoadedFromMemory doesn't match image D:\Unity Projects\RTS\Library\PackageCache\com.unity.visualscripting@1.6.1\Editor\VisualScripting.Core\Dependencies\YamlDotNet\Unity.VisualScripting.YamlDotNet.dll
Symbol file LoadedFromMemory doesn't match image D:\Unity Projects\RTS\Library\PackageCache\com.unity.visualscripting@1.6.1\Editor\VisualScripting.Core\Dependencies\DotNetZip\Unity.VisualScripting.IonicZip.dll
Native extension for LinuxStandalone target not found
Native extension for WindowsStandalone target not found
Native extension for OSXStandalone target not found
Native extension for WebGL target not found
Refreshing native plugins compatible for Editor in 1.01 ms, found 3 plugins.
Preloading 0 native plugins for Editor in 0.00 ms.
Mono: successfully reloaded assembly
- Completed reload, in  1.357 seconds
Domain Reload Profiling:
	ReloadAssembly (1357ms)
		BeginReloadAssembly (140ms)
			ExecutionOrderSort (0ms)
			DisableScriptedObjects (5ms)
			BackupInstance (0ms)
			ReleaseScriptingObjects (0ms)
			CreateAndSetChildDomain (38ms)
		EndReloadAssembly (1141ms)
			LoadAssemblies (106ms)
			RebuildTransferFunctionScriptingTraits (0ms)
			SetupTypeCache (369ms)
			ReleaseScriptCaches (1ms)
			RebuildScriptCaches (41ms)
			SetupLoadedEditorAssemblies (431ms)
				LogAssemblyErrors (0ms)
				InitializePlatformSupportModulesInManaged (9ms)
				SetLoadedEditorAssemblies (0ms)
				RefreshPlugins (1ms)
				BeforeProcessingInitializeOnLoad (60ms)
				ProcessInitializeOnLoadAttributes (348ms)
				ProcessInitializeOnLoadMethodAttributes (4ms)
				AfterProcessingInitializeOnLoad (9ms)
				EditorAssembliesLoaded (0ms)
			ExecutionOrderSort2 (0ms)
			AwakeInstancesAfterBackupRestoration (8ms)
Platform modules already initialized, skipping
Switching build target platform(19) subTarget(0) extendedPlatform(0) -> platform(13) subTarget(589824) extendedPlatform(0)
Refreshing native plugins compatible for Editor in 1.04 ms, found 3 plugins.
Preloading 0 native plugins for Editor in 0.00 ms.
Unloading 3507 Unused Serialized files (Serialized files now loaded: 0)
System memory in use before: 129.5 MB.
System memory in use after: 129.8 MB.

Unloading 40 unused Assets to reduce memory usage. Loaded Objects now: 3988.
Total: 3.884000 ms (FindLiveObjects: 0.315300 ms CreateObjectMapping: 0.091800 ms MarkObjects: 3.446700 ms  DeleteObjects: 0.028800 ms)

AssetImportParameters requested are different than current active one (requested -> active):
  custom:framework-win-MediaFoundation: 216162199b28c13a410421893ffa2e32 -> 
  custom:video-decoder-ogg-theora: a1e56fd34408186e4bbccfd4996cb3dc -> 
  custom:container-muxer-webm: aa71ff27fc2769a1b78a27578f13a17b -> 
  custom:container-demuxer-webm: 4f35f7cbe854078d1ac9338744f61a02 -> 
  custom:container-demuxer-ogg: 62fdf1f143b41e24485cea50d1cbac27 -> 
  custom:video-encoder-webm-vp8: eb34c28f22e8b96e1ab97ce403110664 -> 
  custom:video-decoder-webm-vp8: 9c59270c3fd7afecdb556c50c9e8de78 -> 
  custom:graphics/normal-map-encoding: 01000000000000000000000000000000 -> 02000000000000000000000000000000
  custom:audio-decoder-ogg-vorbis: bf7c407c2cedff20999df2af8eb42d56 -> 
  custom:audio-encoder-webm-vorbis: bf7c407c2cedff20999df2af8eb42d56 -> 
========================================================================
Received Prepare
Registering precompiled user dll's ...
Registered in 0.003946 seconds.
Begin MonoManager ReloadAssembly
Symbol file LoadedFromMemory doesn't match image D:\Unity Projects\RTS\Library\PackageCache\com.unity.visualscripting@1.6.1\Editor\VisualScripting.Core\Dependencies\YamlDotNet\Unity.VisualScripting.YamlDotNet.dll
Symbol file LoadedFromMemory doesn't match image D:\Unity Projects\RTS\Library\PackageCache\com.unity.visualscripting@1.6.1\Editor\VisualScripting.Core\Dependencies\DotNetZip\Unity.VisualScripting.IonicZip.dll
Native extension for LinuxStandalone target not found
Native extension for WindowsStandalone target not found
Native extension for OSXStandalone target not found
Native extension for WebGL target not found
Refreshing native plugins compatible for Editor in 1.04 ms, found 3 plugins.
Preloading 0 native plugins for Editor in 0.00 ms.
Mono: successfully reloaded assembly
- Completed reload, in  1.370 seconds
Domain Reload Profiling:
	ReloadAssembly (1371ms)
		BeginReloadAssembly (140ms)
			ExecutionOrderSort (0ms)
			DisableScriptedObjects (5ms)
			BackupInstance (0ms)
			ReleaseScriptingObjects (0ms)
			CreateAndSetChildDomain (41ms)
		EndReloadAssembly (1161ms)
			LoadAssemblies (103ms)
			RebuildTransferFunctionScriptingTraits (0ms)
			SetupTypeCache (372ms)
			ReleaseScriptCaches (1ms)
			RebuildScriptCaches (43ms)
			SetupLoadedEditorAssemblies (438ms)
				LogAssemblyErrors (0ms)
				InitializePlatformSupportModulesInManaged (9ms)
				SetLoadedEditorAssemblies (0ms)
				RefreshPlugins (1ms)
				BeforeProcessingInitializeOnLoad (60ms)
				ProcessInitializeOnLoadAttributes (354ms)
				ProcessInitializeOnLoadMethodAttributes (4ms)
				AfterProcessingInitializeOnLoad (9ms)
				EditorAssembliesLoaded (0ms)
			ExecutionOrderSort2 (0ms)
			AwakeInstancesAfterBackupRestoration (8ms)
Platform modules already initialized, skipping
Switching build target platform(19) subTarget(0) extendedPlatform(0) -> platform(13) subTarget(589824) extendedPlatform(0)
Refreshing native plugins compatible for Editor in 1.03 ms, found 3 plugins.
Preloading 0 native plugins for Editor in 0.00 ms.
Unloading 3507 Unused Serialized files (Serialized files now loaded: 0)
System memory in use before: 129.5 MB.
System memory in use after: 129.8 MB.

Unloading 40 unused Assets to reduce memory usage. Loaded Objects now: 3990.
Total: 3.709100 ms (FindLiveObjects: 0.319000 ms CreateObjectMapping: 0.091400 ms MarkObjects: 3.272500 ms  DeleteObjects: 0.024800 ms)

AssetImportParameters requested are different than current active one (requested -> active):
  custom:framework-win-MediaFoundation: 216162199b28c13a410421893ffa2e32 -> 
  custom:video-decoder-ogg-theora: a1e56fd34408186e4bbccfd4996cb3dc -> 
  custom:container-muxer-webm: aa71ff27fc2769a1b78a27578f13a17b -> 
  custom:container-demuxer-webm: 4f35f7cbe854078d1ac9338744f61a02 -> 
  custom:container-demuxer-ogg: 62fdf1f143b41e24485cea50d1cbac27 -> 
  custom:video-encoder-webm-vp8: eb34c28f22e8b96e1ab97ce403110664 -> 
  custom:video-decoder-webm-vp8: 9c59270c3fd7afecdb556c50c9e8de78 -> 
  custom:graphics/normal-map-encoding: 01000000000000000000000000000000 -> 02000000000000000000000000000000
  custom:audio-decoder-ogg-vorbis: bf7c407c2cedff20999df2af8eb42d56 -> 
  custom:audio-encoder-webm-vorbis: bf7c407c2cedff20999df2af8eb42d56 -> 
========================================================================
Received Import Request.
  Time since last request: 424.232950 seconds.
  path: Assets/Prefabs/Units/UnitSoldier.prefab
  artifactKey: Guid(f90e661c3dbfaab4fb70d3fea06a55d8) Importer(815301076,1909f56bfc062723c751e8b465ee728b)
Start importing Assets/Prefabs/Units/UnitSoldier.prefab using Guid(f90e661c3dbfaab4fb70d3fea06a55d8) Importer(815301076,1909f56bfc062723c751e8b465ee728b) The same field name is serialized multiple times in the class or its parent class. This is not supported: Base(MonoBehaviour) facMaterial

 -> (artifact id: '035e39b71753f6522d05517cfae8dd16') in 0.095308 seconds 
========================================================================
Received Import Request.
  Time since last request: 386.920867 seconds.
  path: Assets/Prefabs/ResourceNodes/ResourceNode.prefab
  artifactKey: Guid(d1d838a2fd2783e47a07c82738ee7d22) Importer(815301076,1909f56bfc062723c751e8b465ee728b)
Start importing Assets/Prefabs/ResourceNodes/ResourceNode.prefab using Guid(d1d838a2fd2783e47a07c82738ee7d22) Importer(815301076,1909f56bfc062723c751e8b465ee728b)  -> (artifact id: '32af905e5f4b504245dec672c03628a9') in 0.009353 seconds 
========================================================================
Received Import Request.
  Time since last request: 1.534137 seconds.
  path: Assets/Prefabs/Buildings/Barracks.prefab
  artifactKey: Guid(143a1f0373f850b4c82c030db32e59bb) Importer(815301076,1909f56bfc062723c751e8b465ee728b)
Start importing Assets/Prefabs/Buildings/Barracks.prefab using Guid(143a1f0373f850b4c82c030db32e59bb) Importer(815301076,1909f56bfc062723c751e8b465ee728b)  -> (artifact id: 'fe567e6643d80f985a079558273baa96') in 0.016588 seconds 
========================================================================
Received Import Request.
  Time since last request: 0.000193 seconds.
  path: Assets/Prefabs/Buildings/HQ.prefab
  artifactKey: Guid(a2687956459fdfd43849cf63bf5d910b) Importer(815301076,1909f56bfc062723c751e8b465ee728b)
Start importing Assets/Prefabs/Buildings/HQ.prefab using Guid(a2687956459fdfd43849cf63bf5d910b) Importer(815301076,1909f56bfc062723c751e8b465ee728b)  -> (artifact id: '412a730ab0712f24639c503455d75df6') in 0.009854 seconds 
========================================================================
Received Import Request.
  Time since last request: 15.824993 seconds.
  path: Assets/Editor/ParserWindow.cs
  artifactKey: Guid(c92f405454659e448818cb81bcc49c27) Importer(815301076,1909f56bfc062723c751e8b465ee728b)
Start importing Assets/Editor/ParserWindow.cs using Guid(c92f405454659e448818cb81bcc49c27) Importer(815301076,1909f56bfc062723c751e8b465ee728b)  -> (artifact id: 'ef3d47f32cb040660bc8d08f0d888704') in 0.001684 seconds 
========================================================================
Received Prepare
Registering precompiled user dll's ...
Registered in 0.003941 seconds.
Begin MonoManager ReloadAssembly
Symbol file LoadedFromMemory doesn't match image D:\Unity Projects\RTS\Library\PackageCache\com.unity.visualscripting@1.6.1\Editor\VisualScripting.Core\Dependencies\YamlDotNet\Unity.VisualScripting.YamlDotNet.dll
Symbol file LoadedFromMemory doesn't match image D:\Unity Projects\RTS\Library\PackageCache\com.unity.visualscripting@1.6.1\Editor\VisualScripting.Core\Dependencies\DotNetZip\Unity.VisualScripting.IonicZip.dll
Native extension for LinuxStandalone target not found
Native extension for WindowsStandalone target not found
Native extension for OSXStandalone target not found
Native extension for WebGL target not found
Refreshing native plugins compatible for Editor in 1.07 ms, found 3 plugins.
Preloading 0 native plugins for Editor in 0.00 ms.
Mono: successfully reloaded assembly
- Completed reload, in  1.383 seconds
Domain Reload Profiling:
	ReloadAssembly (1383ms)
		BeginReloadAssembly (137ms)
			ExecutionOrderSort (0ms)
			DisableScriptedObjects (5ms)
			BackupInstance (0ms)
			ReleaseScriptingObjects (0ms)
			CreateAndSetChildDomain (41ms)
		EndReloadAssembly (1173ms)
			LoadAssemblies (109ms)
			RebuildTransferFunctionScriptingTraits (0ms)
			SetupTypeCache (372ms)
			ReleaseScriptCaches (1ms)
			RebuildScriptCaches (42ms)
			SetupLoadedEditorAssemblies (439ms)
				LogAssemblyErrors (0ms)
				InitializePlatformSupportModulesInManaged (9ms)
				SetLoadedEditorAssemblies (1ms)
				RefreshPlugins (1ms)
				BeforeProcessingInitializeOnLoad (60ms)
				ProcessInitializeOnLoadAttributes (354ms)
				ProcessInitializeOnLoadMethodAttributes (4ms)
				AfterProcessingInitializeOnLoad (9ms)
				EditorAssembliesLoaded (0ms)
			ExecutionOrderSort2 (0ms)
			AwakeInstancesAfterBackupRestoration (8ms)
Platform modules already initialized, skipping
Switching build target platform(19) subTarget(0) extendedPlatform(0) -> platform(13) subTarget(589824) extendedPlatform(0)
Refreshing native plugins compatible for Editor in 1.08 ms, found 3 plugins.
Preloading 0 native plugins for Editor in 0.00 ms.
Unloading 3507 Unused Serialized files (Serialized files now loaded: 0)
System memory in use before: 134.0 MB.
System memory in use after: 134.2 MB.

Unloading 41 unused Assets to reduce memory usage. Loaded Objects now: 4003.
Total: 4.250700 ms (FindLiveObjects: 0.331400 ms CreateObjectMapping: 0.100400 ms MarkObjects: 3.782900 ms  DeleteObjects: 0.034300 ms)

AssetImportParameters requested are different than current active one (requested -> active):
  custom:framework-win-MediaFoundation: 216162199b28c13a410421893ffa2e32 -> 
  custom:video-decoder-ogg-theora: a1e56fd34408186e4bbccfd4996cb3dc -> 
  custom:container-muxer-webm: aa71ff27fc2769a1b78a27578f13a17b -> 
  custom:container-demuxer-webm: 4f35f7cbe854078d1ac9338744f61a02 -> 
  custom:container-demuxer-ogg: 62fdf1f143b41e24485cea50d1cbac27 -> 
  custom:video-encoder-webm-vp8: eb34c28f22e8b96e1ab97ce403110664 -> 
  custom:video-decoder-webm-vp8: 9c59270c3fd7afecdb556c50c9e8de78 -> 
  custom:graphics/normal-map-encoding: 01000000000000000000000000000000 -> 02000000000000000000000000000000
  custom:audio-decoder-ogg-vorbis: bf7c407c2cedff20999df2af8eb42d56 -> 
  custom:audio-encoder-webm-vorbis: bf7c407c2cedff20999df2af8eb42d56 -> 
========================================================================
Received Prepare
Registering precompiled user dll's ...
Registered in 0.003936 seconds.
Begin MonoManager ReloadAssembly
Symbol file LoadedFromMemory doesn't match image D:\Unity Projects\RTS\Library\PackageCache\com.unity.visualscripting@1.6.1\Editor\VisualScripting.Core\Dependencies\YamlDotNet\Unity.VisualScripting.YamlDotNet.dll
Symbol file LoadedFromMemory doesn't match image D:\Unity Projects\RTS\Library\PackageCache\com.unity.visualscripting@1.6.1\Editor\VisualScripting.Core\Dependencies\DotNetZip\Unity.VisualScripting.IonicZip.dll
Native extension for LinuxStandalone target not found
Native extension for WindowsStandalone target not found
Native extension for OSXStandalone target not found
Native extension for WebGL target not found
Refreshing native plugins compatible for Editor in 1.06 ms, found 3 plugins.
Preloading 0 native plugins for Editor in 0.00 ms.
Mono: successfully reloaded assembly
- Completed reload, in  1.404 seconds
Domain Reload Profiling:
	ReloadAssembly (1404ms)
		BeginReloadAssembly (150ms)
			ExecutionOrderSort (0ms)
			DisableScriptedObjects (5ms)
			BackupInstance (0ms)
			ReleaseScriptingObjects (0ms)
			CreateAndSetChildDomain (43ms)
		EndReloadAssembly (1184ms)
			LoadAssemblies (109ms)
			RebuildTransferFunctionScriptingTraits (0ms)
			SetupTypeCache (372ms)
			ReleaseScriptCaches (1ms)
			RebuildScriptCaches (42ms)
			SetupLoadedEditorAssemblies (442ms)
				LogAssemblyErrors (0ms)
				InitializePlatformSupportModulesInManaged (9ms)
				SetLoadedEditorAssemblies (1ms)
				RefreshPlugins (1ms)
				BeforeProcessingInitializeOnLoad (60ms)
				ProcessInitializeOnLoadAttributes (357ms)
				ProcessInitializeOnLoadMethodAttributes (4ms)
				AfterProcessingInitializeOnLoad (9ms)
				EditorAssembliesLoaded (0ms)
			ExecutionOrderSort2 (0ms)
			AwakeInstancesAfterBackupRestoration (8ms)
Platform modules already initialized, skipping
Switching build target platform(19) subTarget(0) extendedPlatform(0) -> platform(13) subTarget(589824) extendedPlatform(0)
Refreshing native plugins compatible for Editor in 1.00 ms, found 3 plugins.
Preloading 0 native plugins for Editor in 0.00 ms.
Unloading 3507 Unused Serialized files (Serialized files now loaded: 0)
System memory in use before: 134.0 MB.
System memory in use after: 134.2 MB.

Unloading 40 unused Assets to reduce memory usage. Loaded Objects now: 4005.
Total: 3.719300 ms (FindLiveObjects: 0.308600 ms CreateObjectMapping: 0.090800 ms MarkObjects: 3.296900 ms  DeleteObjects: 0.021800 ms)

AssetImportParameters requested are different than current active one (requested -> active):
  custom:framework-win-MediaFoundation: 216162199b28c13a410421893ffa2e32 -> 
  custom:video-decoder-ogg-theora: a1e56fd34408186e4bbccfd4996cb3dc -> 
  custom:container-muxer-webm: aa71ff27fc2769a1b78a27578f13a17b -> 
  custom:container-demuxer-webm: 4f35f7cbe854078d1ac9338744f61a02 -> 
  custom:container-demuxer-ogg: 62fdf1f143b41e24485cea50d1cbac27 -> 
  custom:video-encoder-webm-vp8: eb34c28f22e8b96e1ab97ce403110664 -> 
  custom:video-decoder-webm-vp8: 9c59270c3fd7afecdb556c50c9e8de78 -> 
  custom:graphics/normal-map-encoding: 01000000000000000000000000000000 -> 02000000000000000000000000000000
  custom:audio-decoder-ogg-vorbis: bf7c407c2cedff20999df2af8eb42d56 -> 
  custom:audio-encoder-webm-vorbis: bf7c407c2cedff20999df2af8eb42d56 -> 
========================================================================
Received Prepare
Registering precompiled user dll's ...
Registered in 0.004231 seconds.
Begin MonoManager ReloadAssembly
Symbol file LoadedFromMemory doesn't match image D:\Unity Projects\RTS\Library\PackageCache\com.unity.visualscripting@1.6.1\Editor\VisualScripting.Core\Dependencies\YamlDotNet\Unity.VisualScripting.YamlDotNet.dll
Symbol file LoadedFromMemory doesn't match image D:\Unity Projects\RTS\Library\PackageCache\com.unity.visualscripting@1.6.1\Editor\VisualScripting.Core\Dependencies\DotNetZip\Unity.VisualScripting.IonicZip.dll
Native extension for LinuxStandalone target not found
Native extension for WindowsStandalone target not found
Native extension for OSXStandalone target not found
Native extension for WebGL target not found
Refreshing native plugins compatible for Editor in 1.05 ms, found 3 plugins.
Preloading 0 native plugins for Editor in 0.00 ms.
Mono: successfully reloaded assembly
- Completed reload, in  1.443 seconds
Domain Reload Profiling:
	ReloadAssembly (1443ms)
		BeginReloadAssembly (151ms)
			ExecutionOrderSort (0ms)
			DisableScriptedObjects (5ms)
			BackupInstance (0ms)
			ReleaseScriptingObjects (0ms)
			CreateAndSetChildDomain (46ms)
		EndReloadAssembly (1220ms)
			LoadAssemblies (109ms)
			RebuildTransferFunctionScriptingTraits (0ms)
			SetupTypeCache (382ms)
			ReleaseScriptCaches (1ms)
			RebuildScriptCaches (43ms)
			SetupLoadedEditorAssemblies (450ms)
				LogAssemblyErrors (0ms)
				InitializePlatformSupportModulesInManaged (9ms)
				SetLoadedEditorAssemblies (0ms)
				RefreshPlugins (1ms)
				BeforeProcessingInitializeOnLoad (60ms)
				ProcessInitializeOnLoadAttributes (366ms)
				ProcessInitializeOnLoadMethodAttributes (4ms)
				AfterProcessingInitializeOnLoad (9ms)
				EditorAssembliesLoaded (0ms)
			ExecutionOrderSort2 (0ms)
			AwakeInstancesAfterBackupRestoration (8ms)
Platform modules already initialized, skipping
Switching build target platform(19) subTarget(0) extendedPlatform(0) -> platform(13) subTarget(589824) extendedPlatform(0)
Refreshing native plugins compatible for Editor in 1.03 ms, found 3 plugins.
Preloading 0 native plugins for Editor in 0.00 ms.
Unloading 3507 Unused Serialized files (Serialized files now loaded: 0)
System memory in use before: 134.0 MB.
System memory in use after: 134.2 MB.

Unloading 40 unused Assets to reduce memory usage. Loaded Objects now: 4007.
Total: 4.011300 ms (FindLiveObjects: 0.320600 ms CreateObjectMapping: 0.095400 ms MarkObjects: 3.568900 ms  DeleteObjects: 0.024800 ms)

AssetImportParameters requested are different than current active one (requested -> active):
  custom:framework-win-MediaFoundation: 216162199b28c13a410421893ffa2e32 -> 
  custom:video-decoder-ogg-theora: a1e56fd34408186e4bbccfd4996cb3dc -> 
  custom:container-muxer-webm: aa71ff27fc2769a1b78a27578f13a17b -> 
  custom:container-demuxer-webm: 4f35f7cbe854078d1ac9338744f61a02 -> 
  custom:container-demuxer-ogg: 62fdf1f143b41e24485cea50d1cbac27 -> 
  custom:video-encoder-webm-vp8: eb34c28f22e8b96e1ab97ce403110664 -> 
  custom:video-decoder-webm-vp8: 9c59270c3fd7afecdb556c50c9e8de78 -> 
  custom:graphics/normal-map-encoding: 01000000000000000000000000000000 -> 02000000000000000000000000000000
  custom:audio-decoder-ogg-vorbis: bf7c407c2cedff20999df2af8eb42d56 -> 
  custom:audio-encoder-webm-vorbis: bf7c407c2cedff20999df2af8eb42d56 -> 
========================================================================
Received Import Request.
  Time since last request: 762.982449 seconds.
  path: Assets/Prefabs/Units/UnitSoldier.prefab
  artifactKey: Guid(f90e661c3dbfaab4fb70d3fea06a55d8) Importer(815301076,1909f56bfc062723c751e8b465ee728b)
Start importing Assets/Prefabs/Units/UnitSoldier.prefab using Guid(f90e661c3dbfaab4fb70d3fea06a55d8) Importer(815301076,1909f56bfc062723c751e8b465ee728b)  -> (artifact id: '47ba48b81a96a6021da9bae4a2e33ebc') in 0.056270 seconds 
========================================================================
Received Import Request.
  Time since last request: 8.560016 seconds.
  path: Assets/Prefabs/Units/UnitSoldier.prefab
  artifactKey: Guid(f90e661c3dbfaab4fb70d3fea06a55d8) Importer(815301076,1909f56bfc062723c751e8b465ee728b)
Start importing Assets/Prefabs/Units/UnitSoldier.prefab using Guid(f90e661c3dbfaab4fb70d3fea06a55d8) Importer(815301076,1909f56bfc062723c751e8b465ee728b)  -> (artifact id: '59c4776a49ada027fc85c17e7dc79b9d') in 0.007607 seconds 
========================================================================
Received Import Request.
  Time since last request: 4.428331 seconds.
  path: Assets/Prefabs/Buildings/Barracks.prefab
  artifactKey: Guid(143a1f0373f850b4c82c030db32e59bb) Importer(815301076,1909f56bfc062723c751e8b465ee728b)
Start importing Assets/Prefabs/Buildings/Barracks.prefab using Guid(143a1f0373f850b4c82c030db32e59bb) Importer(815301076,1909f56bfc062723c751e8b465ee728b)  -> (artifact id: '89dba1ebc557e8dff1dc73e9d6f65f5d') in 0.009939 seconds 
========================================================================
Received Import Request.
  Time since last request: 0.000267 seconds.
  path: Assets/Prefabs/Buildings/HQ.prefab
  artifactKey: Guid(a2687956459fdfd43849cf63bf5d910b) Importer(815301076,1909f56bfc062723c751e8b465ee728b)
Start importing Assets/Prefabs/Buildings/HQ.prefab using Guid(a2687956459fdfd43849cf63bf5d910b) Importer(815301076,1909f56bfc062723c751e8b465ee728b)  -> (artifact id: '64591616549feefe724054fb3150fa12') in 0.009092 seconds 
========================================================================
Received Import Request.
  Time since last request: 32.896937 seconds.
  path: Assets/Prefabs/Units/UnitSoldier.prefab
  artifactKey: Guid(f90e661c3dbfaab4fb70d3fea06a55d8) Importer(815301076,1909f56bfc062723c751e8b465ee728b)
Start importing Assets/Prefabs/Units/UnitSoldier.prefab using Guid(f90e661c3dbfaab4fb70d3fea06a55d8) Importer(815301076,1909f56bfc062723c751e8b465ee728b)  -> (artifact id: 'fc7c31cf3008549c16ede6ac704ecc7a') in 0.055639 seconds 
========================================================================
Received Import Request.
  Time since last request: 8.704697 seconds.
  path: Assets/Prefabs/Units/UnitSoldier.prefab
  artifactKey: Guid(f90e661c3dbfaab4fb70d3fea06a55d8) Importer(815301076,1909f56bfc062723c751e8b465ee728b)
Start importing Assets/Prefabs/Units/UnitSoldier.prefab using Guid(f90e661c3dbfaab4fb70d3fea06a55d8) Importer(815301076,1909f56bfc062723c751e8b465ee728b)  -> (artifact id: '6a7c45dc697e2653202c93d2cd27269a') in 0.007058 seconds 
========================================================================
Received Import Request.
  Time since last request: 2.200051 seconds.
  path: Assets/Prefabs/Units/UnitSoldier.prefab
  artifactKey: Guid(f90e661c3dbfaab4fb70d3fea06a55d8) Importer(815301076,1909f56bfc062723c751e8b465ee728b)
Start importing Assets/Prefabs/Units/UnitSoldier.prefab using Guid(f90e661c3dbfaab4fb70d3fea06a55d8) Importer(815301076,1909f56bfc062723c751e8b465ee728b)  -> (artifact id: 'ca88ec771dee7abf7c7a867ff2416d01') in 0.006901 seconds 
========================================================================
Received Import Request.
  Time since last request: 1.198908 seconds.
  path: Assets/Prefabs/Units/UnitSoldier.prefab
  artifactKey: Guid(f90e661c3dbfaab4fb70d3fea06a55d8) Importer(815301076,1909f56bfc062723c751e8b465ee728b)
Start importing Assets/Prefabs/Units/UnitSoldier.prefab using Guid(f90e661c3dbfaab4fb70d3fea06a55d8) Importer(815301076,1909f56bfc062723c751e8b465ee728b)  -> (artifact id: 'bddeef83b334776ab06637593869ead7') in 0.007292 seconds 
========================================================================
Received Import Request.
  Time since last request: 2.599485 seconds.
  path: Assets/Prefabs/Units/UnitSoldier.prefab
  artifactKey: Guid(f90e661c3dbfaab4fb70d3fea06a55d8) Importer(815301076,1909f56bfc062723c751e8b465ee728b)
Start importing Assets/Prefabs/Units/UnitSoldier.prefab using Guid(f90e661c3dbfaab4fb70d3fea06a55d8) Importer(815301076,1909f56bfc062723c751e8b465ee728b)  -> (artifact id: 'eec3bd421eec297c8c522eb8daeb6a1a') in 0.197799 seconds 
========================================================================
Received Import Request.
  Time since last request: 2.056912 seconds.
  path: Assets/Prefabs/Units/UnitSoldier.prefab
  artifactKey: Guid(f90e661c3dbfaab4fb70d3fea06a55d8) Importer(815301076,1909f56bfc062723c751e8b465ee728b)
Start importing Assets/Prefabs/Units/UnitSoldier.prefab using Guid(f90e661c3dbfaab4fb70d3fea06a55d8) Importer(815301076,1909f56bfc062723c751e8b465ee728b)  -> (artifact id: '818038ec5fd635aff8598ff9379f7044') in 0.007218 seconds 
========================================================================
Received Import Request.
  Time since last request: 2.212452 seconds.
  path: Assets/Prefabs/Units/UnitSoldier.prefab
  artifactKey: Guid(f90e661c3dbfaab4fb70d3fea06a55d8) Importer(815301076,1909f56bfc062723c751e8b465ee728b)
Start importing Assets/Prefabs/Units/UnitSoldier.prefab using Guid(f90e661c3dbfaab4fb70d3fea06a55d8) Importer(815301076,1909f56bfc062723c751e8b465ee728b)  -> (artifact id: 'cca539ebe678f497e358d79d576a37b2') in 0.006974 seconds 
========================================================================
Received Import Request.
  Time since last request: 3.022837 seconds.
  path: Assets/Prefabs/Units/UnitSoldier.prefab
  artifactKey: Guid(f90e661c3dbfaab4fb70d3fea06a55d8) Importer(815301076,1909f56bfc062723c751e8b465ee728b)
Start importing Assets/Prefabs/Units/UnitSoldier.prefab using Guid(f90e661c3dbfaab4fb70d3fea06a55d8) Importer(815301076,1909f56bfc062723c751e8b465ee728b)  -> (artifact id: 'd465439269043972cfe96cb7672cc6e7') in 0.007028 seconds 
========================================================================
Received Import Request.
  Time since last request: 39.415495 seconds.
  path: Assets/Prefabs/Player/GOInfo.cs
  artifactKey: Guid(3e69c55fdbefee94796bc228ee1bb6ce) Importer(815301076,1909f56bfc062723c751e8b465ee728b)
Start importing Assets/Prefabs/Player/GOInfo.cs using Guid(3e69c55fdbefee94796bc228ee1bb6ce) Importer(815301076,1909f56bfc062723c751e8b465ee728b)  -> (artifact id: 'b82251e238b133047a035d3305b5f8d7') in 0.001493 seconds 
========================================================================
Received Prepare
Registering precompiled user dll's ...
Registered in 0.004348 seconds.
Begin MonoManager ReloadAssembly
Symbol file LoadedFromMemory doesn't match image D:\Unity Projects\RTS\Library\PackageCache\com.unity.visualscripting@1.6.1\Editor\VisualScripting.Core\Dependencies\YamlDotNet\Unity.VisualScripting.YamlDotNet.dll
Symbol file LoadedFromMemory doesn't match image D:\Unity Projects\RTS\Library\PackageCache\com.unity.visualscripting@1.6.1\Editor\VisualScripting.Core\Dependencies\DotNetZip\Unity.VisualScripting.IonicZip.dll
Native extension for LinuxStandalone target not found
Native extension for WindowsStandalone target not found
Native extension for OSXStandalone target not found
Native extension for WebGL target not found
Refreshing native plugins compatible for Editor in 1.07 ms, found 3 plugins.
Preloading 0 native plugins for Editor in 0.00 ms.
Mono: successfully reloaded assembly
- Completed reload, in  1.450 seconds
Domain Reload Profiling:
	ReloadAssembly (1450ms)
		BeginReloadAssembly (150ms)
			ExecutionOrderSort (0ms)
			DisableScriptedObjects (6ms)
			BackupInstance (0ms)
			ReleaseScriptingObjects (0ms)
			CreateAndSetChildDomain (48ms)
		EndReloadAssembly (1225ms)
			LoadAssemblies (105ms)
			RebuildTransferFunctionScriptingTraits (0ms)
			SetupTypeCache (390ms)
			ReleaseScriptCaches (1ms)
			RebuildScriptCaches (44ms)
			SetupLoadedEditorAssemblies (436ms)
				LogAssemblyErrors (0ms)
				InitializePlatformSupportModulesInManaged (10ms)
				SetLoadedEditorAssemblies (1ms)
				RefreshPlugins (1ms)
				BeforeProcessingInitializeOnLoad (60ms)
				ProcessInitializeOnLoadAttributes (350ms)
				ProcessInitializeOnLoadMethodAttributes (5ms)
				AfterProcessingInitializeOnLoad (9ms)
				EditorAssembliesLoaded (0ms)
			ExecutionOrderSort2 (0ms)
			AwakeInstancesAfterBackupRestoration (8ms)
Platform modules already initialized, skipping
Switching build target platform(19) subTarget(0) extendedPlatform(0) -> platform(13) subTarget(589824) extendedPlatform(0)
Refreshing native plugins compatible for Editor in 1.01 ms, found 3 plugins.
Preloading 0 native plugins for Editor in 0.00 ms.
Unloading 3506 Unused Serialized files (Serialized files now loaded: 0)
System memory in use before: 134.0 MB.
System memory in use after: 134.2 MB.

Unloading 42 unused Assets to reduce memory usage. Loaded Objects now: 4009.
Total: 3.891000 ms (FindLiveObjects: 0.307700 ms CreateObjectMapping: 0.089100 ms MarkObjects: 3.459100 ms  DeleteObjects: 0.034200 ms)

AssetImportParameters requested are different than current active one (requested -> active):
  custom:framework-win-MediaFoundation: 216162199b28c13a410421893ffa2e32 -> 
  custom:video-decoder-ogg-theora: a1e56fd34408186e4bbccfd4996cb3dc -> 
  custom:container-muxer-webm: aa71ff27fc2769a1b78a27578f13a17b -> 
  custom:container-demuxer-webm: 4f35f7cbe854078d1ac9338744f61a02 -> 
  custom:container-demuxer-ogg: 62fdf1f143b41e24485cea50d1cbac27 -> 
  custom:video-encoder-webm-vp8: eb34c28f22e8b96e1ab97ce403110664 -> 
  custom:video-decoder-webm-vp8: 9c59270c3fd7afecdb556c50c9e8de78 -> 
  custom:graphics/normal-map-encoding: 01000000000000000000000000000000 -> 02000000000000000000000000000000
  custom:audio-decoder-ogg-vorbis: bf7c407c2cedff20999df2af8eb42d56 -> 
  custom:audio-encoder-webm-vorbis: bf7c407c2cedff20999df2af8eb42d56 -> 
========================================================================
Received Import Request.
  Time since last request: 62.627336 seconds.
  path: Assets/Prefabs/ResourceNodes/ResourceNode.prefab
  artifactKey: Guid(d1d838a2fd2783e47a07c82738ee7d22) Importer(815301076,1909f56bfc062723c751e8b465ee728b)
Start importing Assets/Prefabs/ResourceNodes/ResourceNode.prefab using Guid(d1d838a2fd2783e47a07c82738ee7d22) Importer(815301076,1909f56bfc062723c751e8b465ee728b) Diagnostics callstack to track who triggered the sub-import:
0x00007ff6680ed9c2 (Unity) ImporterAssetResolver::ResolveAsset
0x00007ff6680c0212 (Unity) ResolveArtifactV2
0x00007ff6680d7f70 (Unity) ImportToObjects
0x00007ff6680d7288 (Unity) ImportAsset
0x00007ff6680758ef (Unity) AssetImportWorker::Import
0x00007ff6680989a2 (Unity) <lambda_9a0c3c600e605f826d039b184a304624>::operator()
0x00007ff66811f122 (Unity) asio::detail::completion_handler<core::mutable_function<void __cdecl(void)> >::do_complete
0x00007ff668121390 (Unity) asio::detail::win_iocp_io_service::do_one
0x00007ff668124a7e (Unity) asio::io_service::run
0x00007ff6680c0f5a (Unity) RunAssetImportWorkerClientV2
0x00007ff6680c0fb0 (Unity) RunAssetImporterV2
0x00007ff667bc46f7 (Unity) Application::InitializeProject
0x00007ff667fd3ec7 (Unity) WinMain
0x00007ff669b34672 (Unity) __scrt_common_main_seh
0x00007ffcf9e57034 (KERNEL32) BaseThreadInitThunk
0x00007ffcfaf22651 (ntdll) RtlUserThreadStart

Requesting import of Guid(d1d838a2fd2783e47a07c82738ee7d22) Importer(-1,00000000000000000000000000000000), Assets/Prefabs/ResourceNodes/ResourceNode.prefab from editor
Resuming Guid(d1d838a2fd2783e47a07c82738ee7d22) Importer(-1,00000000000000000000000000000000) -> 82a81f6f4acfc7ac0eb10633595ab2a2 
Assertion failed on expression: 'state.state == kUpToDate'

Assertion failed on expression: 'state.artifactID == result'

Diagnostics callstack to track who triggered the sub-import:
0x00007ff6680ed9c2 (Unity) ImporterAssetResolver::ResolveAsset
0x00007ff6680c0212 (Unity) ResolveArtifactV2
0x00007ff6680b8581 (Unity) ProduceArtifactV2
0x00007ff668052b8e (Unity) AssetDatabase::ProduceArtifact
0x00007ff66803dbd8 (Unity) PreviewImporter::GenerateAssetData
0x00007ff6680d828e (Unity) ImportToObjects
0x00007ff6680d7288 (Unity) ImportAsset
0x00007ff6680758ef (Unity) AssetImportWorker::Import
0x00007ff6680989a2 (Unity) <lambda_9a0c3c600e605f826d039b184a304624>::operator()
0x00007ff66811f122 (Unity) asio::detail::completion_handler<core::mutable_function<void __cdecl(void)> >::do_complete
0x00007ff668121390 (Unity) asio::detail::win_iocp_io_service::do_one
0x00007ff668124a7e (Unity) asio::io_service::run
0x00007ff6680c0f5a (Unity) RunAssetImportWorkerClientV2
0x00007ff6680c0fb0 (Unity) RunAssetImporterV2
0x00007ff667bc46f7 (Unity) Application::InitializeProject
0x00007ff667fd3ec7 (Unity) WinMain
0x00007ff669b34672 (Unity) __scrt_common_main_seh
0x00007ffcf9e57034 (KERNEL32) BaseThreadInitThunk
0x00007ffcfaf22651 (ntdll) RtlUserThreadStart

Requesting import of Guid(d1d838a2fd2783e47a07c82738ee7d22) Importer(-1,00000000000000000000000000000000), Assets/Prefabs/ResourceNodes/ResourceNode.prefab from editor
Resuming Guid(d1d838a2fd2783e47a07c82738ee7d22) Importer(-1,00000000000000000000000000000000) -> 82a81f6f4acfc7ac0eb10633595ab2a2 
Assertion failed on expression: 'state.state == kUpToDate'

Assertion failed on expression: 'state.artifactID == result'

 -> (artifact id: 'b97ab67e873f56c5b56cb2efbb65556d') in 0.456072 seconds 
========================================================================
Received Import Request.
  Time since last request: 4.925873 seconds.
  path: Assets/Prefabs/Buildings/Barracks.prefab
  artifactKey: Guid(143a1f0373f850b4c82c030db32e59bb) Importer(815301076,1909f56bfc062723c751e8b465ee728b)
Start importing Assets/Prefabs/Buildings/Barracks.prefab using Guid(143a1f0373f850b4c82c030db32e59bb) Importer(815301076,1909f56bfc062723c751e8b465ee728b)  -> (artifact id: '5de9796a5756d50bfbb515003783c0de') in 0.052859 seconds 
========================================================================
Received Import Request.
  Time since last request: 7.505318 seconds.
  path: Assets/Prefabs/Buildings/HQ.prefab
  artifactKey: Guid(a2687956459fdfd43849cf63bf5d910b) Importer(815301076,1909f56bfc062723c751e8b465ee728b)
Start importing Assets/Prefabs/Buildings/HQ.prefab using Guid(a2687956459fdfd43849cf63bf5d910b) Importer(815301076,1909f56bfc062723c751e8b465ee728b)  -> (artifact id: 'e69a431759e37ac7d8f29163571358ab') in 0.009697 seconds 
========================================================================
Received Import Request.
  Time since last request: 2.611731 seconds.
  path: Assets/Prefabs/ResourceNodes/ResourceNode.prefab
  artifactKey: Guid(d1d838a2fd2783e47a07c82738ee7d22) Importer(815301076,1909f56bfc062723c751e8b465ee728b)
Start importing Assets/Prefabs/ResourceNodes/ResourceNode.prefab using Guid(d1d838a2fd2783e47a07c82738ee7d22) Importer(815301076,1909f56bfc062723c751e8b465ee728b) Diagnostics callstack to track who triggered the sub-import:
0x00007ff6680ed9c2 (Unity) ImporterAssetResolver::ResolveAsset
0x00007ff6680c0212 (Unity) ResolveArtifactV2
0x00007ff6680d7f70 (Unity) ImportToObjects
0x00007ff6680d7288 (Unity) ImportAsset
0x00007ff6680758ef (Unity) AssetImportWorker::Import
0x00007ff6680989a2 (Unity) <lambda_9a0c3c600e605f826d039b184a304624>::operator()
0x00007ff66811f122 (Unity) asio::detail::completion_handler<core::mutable_function<void __cdecl(void)> >::do_complete
0x00007ff668121390 (Unity) asio::detail::win_iocp_io_service::do_one
0x00007ff668124a7e (Unity) asio::io_service::run
0x00007ff6680c0f5a (Unity) RunAssetImportWorkerClientV2
0x00007ff6680c0fb0 (Unity) RunAssetImporterV2
0x00007ff667bc46f7 (Unity) Application::InitializeProject
0x00007ff667fd3ec7 (Unity) WinMain
0x00007ff669b34672 (Unity) __scrt_common_main_seh
0x00007ffcf9e57034 (KERNEL32) BaseThreadInitThunk
0x00007ffcfaf22651 (ntdll) RtlUserThreadStart

Requesting import of Guid(d1d838a2fd2783e47a07c82738ee7d22) Importer(-1,00000000000000000000000000000000), Assets/Prefabs/ResourceNodes/ResourceNode.prefab from editor
Resuming Guid(d1d838a2fd2783e47a07c82738ee7d22) Importer(-1,00000000000000000000000000000000) -> 82a81f6f4acfc7ac0eb10633595ab2a2 
Assertion failed on expression: 'state.state == kUpToDate'

Assertion failed on expression: 'state.artifactID == result'

Diagnostics callstack to track who triggered the sub-import:
0x00007ff6680ed9c2 (Unity) ImporterAssetResolver::ResolveAsset
0x00007ff6680c0212 (Unity) ResolveArtifactV2
0x00007ff6680b8581 (Unity) ProduceArtifactV2
0x00007ff668052b8e (Unity) AssetDatabase::ProduceArtifact
0x00007ff66803dbd8 (Unity) PreviewImporter::GenerateAssetData
0x00007ff6680d828e (Unity) ImportToObjects
0x00007ff6680d7288 (Unity) ImportAsset
0x00007ff6680758ef (Unity) AssetImportWorker::Import
0x00007ff6680989a2 (Unity) <lambda_9a0c3c600e605f826d039b184a304624>::operator()
0x00007ff66811f122 (Unity) asio::detail::completion_handler<core::mutable_function<void __cdecl(void)> >::do_complete
0x00007ff668121390 (Unity) asio::detail::win_iocp_io_service::do_one
0x00007ff668124a7e (Unity) asio::io_service::run
0x00007ff6680c0f5a (Unity) RunAssetImportWorkerClientV2
0x00007ff6680c0fb0 (Unity) RunAssetImporterV2
0x00007ff667bc46f7 (Unity) Application::InitializeProject
0x00007ff667fd3ec7 (Unity) WinMain
0x00007ff669b34672 (Unity) __scrt_common_main_seh
0x00007ffcf9e57034 (KERNEL32) BaseThreadInitThunk
0x00007ffcfaf22651 (ntdll) RtlUserThreadStart

Requesting import of Guid(d1d838a2fd2783e47a07c82738ee7d22) Importer(-1,00000000000000000000000000000000), Assets/Prefabs/ResourceNodes/ResourceNode.prefab from editor
Resuming Guid(d1d838a2fd2783e47a07c82738ee7d22) Importer(-1,00000000000000000000000000000000) -> 82a81f6f4acfc7ac0eb10633595ab2a2 
Assertion failed on expression: 'state.state == kUpToDate'

Assertion failed on expression: 'state.artifactID == result'

 -> (artifact id: 'b97ab67e873f56c5b56cb2efbb65556d') in 0.004323 seconds 
========================================================================
Received Import Request.
  Time since last request: 9.305799 seconds.
  path: Assets/Prefabs/Buildings/HQ.prefab
  artifactKey: Guid(a2687956459fdfd43849cf63bf5d910b) Importer(815301076,1909f56bfc062723c751e8b465ee728b)
Start importing Assets/Prefabs/Buildings/HQ.prefab using Guid(a2687956459fdfd43849cf63bf5d910b) Importer(815301076,1909f56bfc062723c751e8b465ee728b)  -> (artifact id: '3a0277f0fa529b01dbc6e39162d378cd') in 0.008358 seconds 
========================================================================
Received Import Request.
  Time since last request: 18.872482 seconds.
  path: Assets/Prefabs/Buildings/HQ.prefab
  artifactKey: Guid(a2687956459fdfd43849cf63bf5d910b) Importer(815301076,1909f56bfc062723c751e8b465ee728b)
Start importing Assets/Prefabs/Buildings/HQ.prefab using Guid(a2687956459fdfd43849cf63bf5d910b) Importer(815301076,1909f56bfc062723c751e8b465ee728b)  -> (artifact id: '5725f18fb38267512ccc3d4a6122edb5') in 0.008855 seconds 
========================================================================
Received Import Request.
  Time since last request: 2.609058 seconds.
  path: Assets/Prefabs/Buildings/HQ.prefab
  artifactKey: Guid(a2687956459fdfd43849cf63bf5d910b) Importer(815301076,1909f56bfc062723c751e8b465ee728b)
Start importing Assets/Prefabs/Buildings/HQ.prefab using Guid(a2687956459fdfd43849cf63bf5d910b) Importer(815301076,1909f56bfc062723c751e8b465ee728b)  -> (artifact id: '1e6436d2347e536a37428a7464c49757') in 0.076573 seconds 
========================================================================
Received Import Request.
  Time since last request: 10.195229 seconds.
  path: Assets/Prefabs/ResourceNodes/ResourceNode.prefab
  artifactKey: Guid(d1d838a2fd2783e47a07c82738ee7d22) Importer(815301076,1909f56bfc062723c751e8b465ee728b)
Start importing Assets/Prefabs/ResourceNodes/ResourceNode.prefab using Guid(d1d838a2fd2783e47a07c82738ee7d22) Importer(815301076,1909f56bfc062723c751e8b465ee728b) Diagnostics callstack to track who triggered the sub-import:
0x00007ff6680ed9c2 (Unity) ImporterAssetResolver::ResolveAsset
0x00007ff6680c0212 (Unity) ResolveArtifactV2
0x00007ff6680d7f70 (Unity) ImportToObjects
0x00007ff6680d7288 (Unity) ImportAsset
0x00007ff6680758ef (Unity) AssetImportWorker::Import
0x00007ff6680989a2 (Unity) <lambda_9a0c3c600e605f826d039b184a304624>::operator()
0x00007ff66811f122 (Unity) asio::detail::completion_handler<core::mutable_function<void __cdecl(void)> >::do_complete
0x00007ff668121390 (Unity) asio::detail::win_iocp_io_service::do_one
0x00007ff668124a7e (Unity) asio::io_service::run
0x00007ff6680c0f5a (Unity) RunAssetImportWorkerClientV2
0x00007ff6680c0fb0 (Unity) RunAssetImporterV2
0x00007ff667bc46f7 (Unity) Application::InitializeProject
0x00007ff667fd3ec7 (Unity) WinMain
0x00007ff669b34672 (Unity) __scrt_common_main_seh
0x00007ffcf9e57034 (KERNEL32) BaseThreadInitThunk
0x00007ffcfaf22651 (ntdll) RtlUserThreadStart

Requesting import of Guid(d1d838a2fd2783e47a07c82738ee7d22) Importer(-1,00000000000000000000000000000000), Assets/Prefabs/ResourceNodes/ResourceNode.prefab from editor
Resuming Guid(d1d838a2fd2783e47a07c82738ee7d22) Importer(-1,00000000000000000000000000000000) -> 82a81f6f4acfc7ac0eb10633595ab2a2 
Assertion failed on expression: 'state.state == kUpToDate'

Assertion failed on expression: 'state.artifactID == result'

Diagnostics callstack to track who triggered the sub-import:
0x00007ff6680ed9c2 (Unity) ImporterAssetResolver::ResolveAsset
0x00007ff6680c0212 (Unity) ResolveArtifactV2
0x00007ff6680b8581 (Unity) ProduceArtifactV2
0x00007ff668052b8e (Unity) AssetDatabase::ProduceArtifact
0x00007ff66803dbd8 (Unity) PreviewImporter::GenerateAssetData
0x00007ff6680d828e (Unity) ImportToObjects
0x00007ff6680d7288 (Unity) ImportAsset
0x00007ff6680758ef (Unity) AssetImportWorker::Import
0x00007ff6680989a2 (Unity) <lambda_9a0c3c600e605f826d039b184a304624>::operator()
0x00007ff66811f122 (Unity) asio::detail::completion_handler<core::mutable_function<void __cdecl(void)> >::do_complete
0x00007ff668121390 (Unity) asio::detail::win_iocp_io_service::do_one
0x00007ff668124a7e (Unity) asio::io_service::run
0x00007ff6680c0f5a (Unity) RunAssetImportWorkerClientV2
0x00007ff6680c0fb0 (Unity) RunAssetImporterV2
0x00007ff667bc46f7 (Unity) Application::InitializeProject
0x00007ff667fd3ec7 (Unity) WinMain
0x00007ff669b34672 (Unity) __scrt_common_main_seh
0x00007ffcf9e57034 (KERNEL32) BaseThreadInitThunk
0x00007ffcfaf22651 (ntdll) RtlUserThreadStart

Requesting import of Guid(d1d838a2fd2783e47a07c82738ee7d22) Importer(-1,00000000000000000000000000000000), Assets/Prefabs/ResourceNodes/ResourceNode.prefab from editor
Resuming Guid(d1d838a2fd2783e47a07c82738ee7d22) Importer(-1,00000000000000000000000000000000) -> 82a81f6f4acfc7ac0eb10633595ab2a2 
Assertion failed on expression: 'state.state == kUpToDate'

Assertion failed on expression: 'state.artifactID == result'

 -> (artifact id: 'b97ab67e873f56c5b56cb2efbb65556d') in 0.004488 seconds 
========================================================================
Received Import Request.
  Time since last request: 14.011603 seconds.
  path: Assets/Prefabs/Buildings/Barracks.prefab
  artifactKey: Guid(143a1f0373f850b4c82c030db32e59bb) Importer(815301076,1909f56bfc062723c751e8b465ee728b)
Start importing Assets/Prefabs/Buildings/Barracks.prefab using Guid(143a1f0373f850b4c82c030db32e59bb) Importer(815301076,1909f56bfc062723c751e8b465ee728b)  -> (artifact id: '793476e87e5a2a97b29e6ae02fa6f107') in 0.008416 seconds 
========================================================================
Received Import Request.
  Time since last request: 3.007685 seconds.
  path: Assets/Prefabs/Buildings/Barracks.prefab
  artifactKey: Guid(143a1f0373f850b4c82c030db32e59bb) Importer(815301076,1909f56bfc062723c751e8b465ee728b)
Start importing Assets/Prefabs/Buildings/Barracks.prefab using Guid(143a1f0373f850b4c82c030db32e59bb) Importer(815301076,1909f56bfc062723c751e8b465ee728b)  -> (artifact id: '2706157d3d4c450831826e0abafb6437') in 0.098281 seconds 
========================================================================
Received Import Request.
  Time since last request: 4.427440 seconds.
  path: Assets/Prefabs/Buildings/HQ.prefab
  artifactKey: Guid(a2687956459fdfd43849cf63bf5d910b) Importer(815301076,1909f56bfc062723c751e8b465ee728b)
Start importing Assets/Prefabs/Buildings/HQ.prefab using Guid(a2687956459fdfd43849cf63bf5d910b) Importer(815301076,1909f56bfc062723c751e8b465ee728b)  -> (artifact id: 'da0800fb4a0c098720dc9a6eccaf2f9a') in 0.008653 seconds 
========================================================================
Received Import Request.
  Time since last request: 2.640125 seconds.
  path: Assets/Prefabs/Buildings/HQ.prefab
  artifactKey: Guid(a2687956459fdfd43849cf63bf5d910b) Importer(815301076,1909f56bfc062723c751e8b465ee728b)
Start importing Assets/Prefabs/Buildings/HQ.prefab using Guid(a2687956459fdfd43849cf63bf5d910b) Importer(815301076,1909f56bfc062723c751e8b465ee728b)  -> (artifact id: '8a6d46bc9b7334d905078cfe02abf4b2') in 0.008420 seconds 
